11-Jun-2025 12:18:58.745 INFO [main] org.apache.catalina.startup.VersionLoggerListener.log Server version name:   Apache Tomcat/9.0.38
11-Jun-2025 12:18:58.750 INFO [main] org.apache.catalina.startup.VersionLoggerListener.log Server built:          Sep 10 2020 08:20:30 UTC
11-Jun-2025 12:18:58.751 INFO [main] org.apache.catalina.startup.VersionLoggerListener.log Server version number: 9.0.38.0
11-Jun-2025 12:18:58.751 INFO [main] org.apache.catalina.startup.VersionLoggerListener.log OS Name:               Windows 10
11-Jun-2025 12:18:58.751 INFO [main] org.apache.catalina.startup.VersionLoggerListener.log OS Version:            10.0
11-Jun-2025 12:18:58.751 INFO [main] org.apache.catalina.startup.VersionLoggerListener.log Architecture:          amd64
11-Jun-2025 12:18:58.751 INFO [main] org.apache.catalina.startup.VersionLoggerListener.log Java Home:             C:\Program Files\Java\jdk1.8.0_261\jre
11-Jun-2025 12:18:58.751 INFO [main] org.apache.catalina.startup.VersionLoggerListener.log JVM Version:           1.8.0_261-b12
11-Jun-2025 12:18:58.751 INFO [main] org.apache.catalina.startup.VersionLoggerListener.log JVM Vendor:            Oracle Corporation
11-Jun-2025 12:18:58.751 INFO [main] org.apache.catalina.startup.VersionLoggerListener.log CATALINA_BASE:         C:\Users\DELL\IdeaProjects\woman-complaint-system
11-Jun-2025 12:18:58.751 INFO [main] org.apache.catalina.startup.VersionLoggerListener.log CATALINA_HOME:         C:\Users\DELL\Desktop\Server\apache-tomcat-9.0.38
11-Jun-2025 12:18:58.755 INFO [main] org.apache.catalina.startup.VersionLoggerListener.log Command line argument: -Dcatalina.home=C:\Users\DELL\Desktop\Server\apache-tomcat-9.0.38
11-Jun-2025 12:18:58.755 INFO [main] org.apache.catalina.startup.VersionLoggerListener.log Command line argument: -Dcatalina.base=C:\Users\DELL\IdeaProjects\woman-complaint-system
11-Jun-2025 12:18:58.755 INFO [main] org.apache.catalina.startup.VersionLoggerListener.log Command line argument: -Djava.io.tmpdir=C:\Users\DELL\IdeaProjects\woman-complaint-system\temp
11-Jun-2025 12:18:58.755 INFO [main] org.apache.catalina.startup.VersionLoggerListener.log Command line argument: -Djava.util.logging.config.file=C:\Users\DELL\IdeaProjects\woman-complaint-system\conf\logging.properties
11-Jun-2025 12:18:58.755 INFO [main] org.apache.catalina.startup.VersionLoggerListener.log Command line argument: -Djava.util.logging.manager=org.apache.juli.ClassLoaderLogManager
11-Jun-2025 12:18:58.756 INFO [main] org.apache.catalina.startup.VersionLoggerListener.log Command line argument: -javaagent:C:\Program Files\JetBrains\IntelliJ IDEA Community Edition 2024.3.3\lib\idea_rt.jar=53781:C:\Program Files\JetBrains\IntelliJ IDEA Community Edition 2024.3.3\bin
11-Jun-2025 12:18:58.756 INFO [main] org.apache.catalina.startup.VersionLoggerListener.log Command line argument: -Dfile.encoding=UTF-8
11-Jun-2025 12:18:58.767 INFO [main] org.apache.catalina.core.AprLifecycleListener.lifecycleEvent Loaded Apache Tomcat Native library [1.2.25] using APR version [1.7.0].
11-Jun-2025 12:18:58.767 INFO [main] org.apache.catalina.core.AprLifecycleListener.lifecycleEvent APR capabilities: IPv6 [true], sendfile [true], accept filters [false], random [true].
11-Jun-2025 12:18:58.767 INFO [main] org.apache.catalina.core.AprLifecycleListener.lifecycleEvent APR/OpenSSL configuration: useAprConnector [false], useOpenSSL [true]
11-Jun-2025 12:18:58.794 INFO [main] org.apache.catalina.core.AprLifecycleListener.initializeSSL OpenSSL successfully initialized [OpenSSL 1.1.1g  21 Apr 2020]
11-Jun-2025 12:18:59.478 INFO [main] org.apache.coyote.AbstractProtocol.init Initializing ProtocolHandler ["http-nio-8080"]
11-Jun-2025 12:19:00.140 SEVERE [main] org.apache.catalina.util.LifecycleBase.handleSubClassException Failed to initialize component [Connector[HTTP/1.1-8080]]
	org.apache.catalina.LifecycleException: Protocol handler initialization failed
		at org.apache.catalina.connector.Connector.initInternal(Connector.java:1042)
		at org.apache.catalina.util.LifecycleBase.init(LifecycleBase.java:136)
		at org.apache.catalina.core.StandardService.initInternal(StandardService.java:533)
		at org.apache.catalina.util.LifecycleBase.init(LifecycleBase.java:136)
		at org.apache.catalina.core.StandardServer.initInternal(StandardServer.java:1057)
		at org.apache.catalina.util.LifecycleBase.init(LifecycleBase.java:136)
		at org.apache.catalina.startup.Catalina.load(Catalina.java:724)
		at org.apache.catalina.startup.Catalina.load(Catalina.java:746)
		at sun.reflect.NativeMethodAccessorImpl.invoke0(Native Method)
		at sun.reflect.NativeMethodAccessorImpl.invoke(NativeMethodAccessorImpl.java:62)
		at sun.reflect.DelegatingMethodAccessorImpl.invoke(DelegatingMethodAccessorImpl.java:43)
		at java.lang.reflect.Method.invoke(Method.java:498)
		at org.apache.catalina.startup.Bootstrap.load(Bootstrap.java:302)
		at org.apache.catalina.startup.Bootstrap.main(Bootstrap.java:472)
	Caused by: java.net.BindException: Address already in use: bind
		at sun.nio.ch.Net.bind0(Native Method)
		at sun.nio.ch.Net.bind(Net.java:444)
		at sun.nio.ch.Net.bind(Net.java:436)
		at sun.nio.ch.ServerSocketChannelImpl.bind(ServerSocketChannelImpl.java:225)
		at sun.nio.ch.ServerSocketAdaptor.bind(ServerSocketAdaptor.java:74)
		at org.apache.tomcat.util.net.NioEndpoint.initServerSocket(NioEndpoint.java:228)
		at org.apache.tomcat.util.net.NioEndpoint.bind(NioEndpoint.java:211)
		at org.apache.tomcat.util.net.AbstractEndpoint.bindWithCleanup(AbstractEndpoint.java:1141)
		at org.apache.tomcat.util.net.AbstractEndpoint.init(AbstractEndpoint.java:1154)
		at org.apache.coyote.AbstractProtocol.init(AbstractProtocol.java:581)
		at org.apache.coyote.http11.AbstractHttp11Protocol.init(AbstractHttp11Protocol.java:75)
		at org.apache.catalina.connector.Connector.initInternal(Connector.java:1039)
		... 13 more
11-Jun-2025 12:19:00.141 INFO [main] org.apache.catalina.startup.Catalina.load Server initialization in [1775] milliseconds
11-Jun-2025 12:19:00.165 INFO [main] org.apache.catalina.core.StandardService.startInternal Starting service [Catalina]
11-Jun-2025 12:19:00.166 INFO [main] org.apache.catalina.core.StandardEngine.startInternal Starting Servlet engine: [Apache Tomcat/9.0.38]
11-Jun-2025 12:19:00.177 INFO [main] org.apache.catalina.startup.HostConfig.deployDescriptor Deploying deployment descriptor [C:\Users\DELL\IdeaProjects\woman-complaint-system\conf\Catalina\localhost\complaint.xml]
11-Jun-2025 12:19:00.685 INFO [main] org.apache.jasper.servlet.TldScanner.scanJars At least one JAR was scanned for TLDs yet contained no TLDs. Enable debug logging for this logger for a complete list of JARs that were scanned but no TLDs were found in them. Skipping unneeded JARs during scanning can improve startup time and JSP compilation time.
11-Jun-2025 12:19:00.725 INFO [main] org.apache.catalina.startup.HostConfig.deployDescriptor Deployment of deployment descriptor [C:\Users\DELL\IdeaProjects\woman-complaint-system\conf\Catalina\localhost\complaint.xml] has finished in [548] ms
11-Jun-2025 12:19:00.730 INFO [main] org.apache.catalina.startup.Catalina.start Server startup in [588] milliseconds
11-Jun-2025 12:19:00.734 SEVERE [main] org.apache.catalina.core.StandardServer.await Failed to create server shutdown socket on address [localhost] and port [8005] (base port [8005] and offset [0])
	java.net.BindException: Address already in use: JVM_Bind
		at java.net.DualStackPlainSocketImpl.bind0(Native Method)
		at java.net.DualStackPlainSocketImpl.socketBind(DualStackPlainSocketImpl.java:102)
		at java.net.AbstractPlainSocketImpl.bind(AbstractPlainSocketImpl.java:513)
		at java.net.PlainSocketImpl.bind(PlainSocketImpl.java:180)
		at java.net.ServerSocket.bind(ServerSocket.java:375)
		at java.net.ServerSocket.<init>(ServerSocket.java:237)
		at org.apache.catalina.core.StandardServer.await(StandardServer.java:584)
		at org.apache.catalina.startup.Catalina.await(Catalina.java:864)
		at org.apache.catalina.startup.Catalina.start(Catalina.java:810)
		at sun.reflect.NativeMethodAccessorImpl.invoke0(Native Method)
		at sun.reflect.NativeMethodAccessorImpl.invoke(NativeMethodAccessorImpl.java:62)
		at sun.reflect.DelegatingMethodAccessorImpl.invoke(DelegatingMethodAccessorImpl.java:43)
		at java.lang.reflect.Method.invoke(Method.java:498)
		at org.apache.catalina.startup.Bootstrap.start(Bootstrap.java:342)
		at org.apache.catalina.startup.Bootstrap.main(Bootstrap.java:473)
11-Jun-2025 12:19:00.734 INFO [main] org.apache.coyote.AbstractProtocol.pause Pausing ProtocolHandler ["http-nio-8080"]
11-Jun-2025 12:19:00.734 INFO [main] org.apache.catalina.core.StandardService.stopInternal Stopping service [Catalina]
11-Jun-2025 12:19:00.741 INFO [main] org.apache.coyote.AbstractProtocol.stop Stopping ProtocolHandler ["http-nio-8080"]
11-Jun-2025 12:19:00.741 INFO [main] org.apache.coyote.AbstractProtocol.destroy Destroying ProtocolHandler ["http-nio-8080"]
11-Jun-2025 12:21:19.118 INFO [main] org.apache.catalina.startup.VersionLoggerListener.log Server version name:   Apache Tomcat/9.0.38
11-Jun-2025 12:21:19.121 INFO [main] org.apache.catalina.startup.VersionLoggerListener.log Server built:          Sep 10 2020 08:20:30 UTC
11-Jun-2025 12:21:19.121 INFO [main] org.apache.catalina.startup.VersionLoggerListener.log Server version number: 9.0.38.0
11-Jun-2025 12:21:19.121 INFO [main] org.apache.catalina.startup.VersionLoggerListener.log OS Name:               Windows 10
11-Jun-2025 12:21:19.121 INFO [main] org.apache.catalina.startup.VersionLoggerListener.log OS Version:            10.0
11-Jun-2025 12:21:19.122 INFO [main] org.apache.catalina.startup.VersionLoggerListener.log Architecture:          amd64
11-Jun-2025 12:21:19.122 INFO [main] org.apache.catalina.startup.VersionLoggerListener.log Java Home:             C:\Program Files\Java\jdk1.8.0_261\jre
11-Jun-2025 12:21:19.122 INFO [main] org.apache.catalina.startup.VersionLoggerListener.log JVM Version:           1.8.0_261-b12
11-Jun-2025 12:21:19.122 INFO [main] org.apache.catalina.startup.VersionLoggerListener.log JVM Vendor:            Oracle Corporation
11-Jun-2025 12:21:19.122 INFO [main] org.apache.catalina.startup.VersionLoggerListener.log CATALINA_BASE:         C:\Users\DELL\IdeaProjects\woman-complaint-system
11-Jun-2025 12:21:19.122 INFO [main] org.apache.catalina.startup.VersionLoggerListener.log CATALINA_HOME:         C:\Users\DELL\Desktop\Server\apache-tomcat-9.0.38
11-Jun-2025 12:21:19.127 INFO [main] org.apache.catalina.startup.VersionLoggerListener.log Command line argument: -Dcatalina.home=C:\Users\DELL\Desktop\Server\apache-tomcat-9.0.38
11-Jun-2025 12:21:19.128 INFO [main] org.apache.catalina.startup.VersionLoggerListener.log Command line argument: -Dcatalina.base=C:\Users\DELL\IdeaProjects\woman-complaint-system
11-Jun-2025 12:21:19.128 INFO [main] org.apache.catalina.startup.VersionLoggerListener.log Command line argument: -Djava.io.tmpdir=C:\Users\DELL\IdeaProjects\woman-complaint-system\temp
11-Jun-2025 12:21:19.128 INFO [main] org.apache.catalina.startup.VersionLoggerListener.log Command line argument: -Djava.util.logging.config.file=C:\Users\DELL\IdeaProjects\woman-complaint-system\conf\logging.properties
11-Jun-2025 12:21:19.128 INFO [main] org.apache.catalina.startup.VersionLoggerListener.log Command line argument: -Djava.util.logging.manager=org.apache.juli.ClassLoaderLogManager
11-Jun-2025 12:21:19.128 INFO [main] org.apache.catalina.startup.VersionLoggerListener.log Command line argument: -javaagent:C:\Program Files\JetBrains\IntelliJ IDEA Community Edition 2024.3.3\lib\idea_rt.jar=54048:C:\Program Files\JetBrains\IntelliJ IDEA Community Edition 2024.3.3\bin
11-Jun-2025 12:21:19.129 INFO [main] org.apache.catalina.startup.VersionLoggerListener.log Command line argument: -Dfile.encoding=UTF-8
11-Jun-2025 12:21:19.135 INFO [main] org.apache.catalina.core.AprLifecycleListener.lifecycleEvent Loaded Apache Tomcat Native library [1.2.25] using APR version [1.7.0].
11-Jun-2025 12:21:19.135 INFO [main] org.apache.catalina.core.AprLifecycleListener.lifecycleEvent APR capabilities: IPv6 [true], sendfile [true], accept filters [false], random [true].
11-Jun-2025 12:21:19.135 INFO [main] org.apache.catalina.core.AprLifecycleListener.lifecycleEvent APR/OpenSSL configuration: useAprConnector [false], useOpenSSL [true]
11-Jun-2025 12:21:19.145 INFO [main] org.apache.catalina.core.AprLifecycleListener.initializeSSL OpenSSL successfully initialized [OpenSSL 1.1.1g  21 Apr 2020]
11-Jun-2025 12:21:19.820 INFO [main] org.apache.coyote.AbstractProtocol.init Initializing ProtocolHandler ["http-nio-8080"]
11-Jun-2025 12:21:20.700 INFO [main] org.apache.catalina.startup.Catalina.load Server initialization in [2005] milliseconds
11-Jun-2025 12:21:20.733 INFO [main] org.apache.catalina.core.StandardService.startInternal Starting service [Catalina]
11-Jun-2025 12:21:20.733 INFO [main] org.apache.catalina.core.StandardEngine.startInternal Starting Servlet engine: [Apache Tomcat/9.0.38]
11-Jun-2025 12:21:20.744 INFO [main] org.apache.catalina.startup.HostConfig.deployDescriptor Deploying deployment descriptor [C:\Users\DELL\IdeaProjects\woman-complaint-system\conf\Catalina\localhost\complaint.xml]
11-Jun-2025 12:21:21.236 INFO [main] org.apache.jasper.servlet.TldScanner.scanJars At least one JAR was scanned for TLDs yet contained no TLDs. Enable debug logging for this logger for a complete list of JARs that were scanned but no TLDs were found in them. Skipping unneeded JARs during scanning can improve startup time and JSP compilation time.
11-Jun-2025 12:21:21.321 INFO [main] org.apache.catalina.startup.HostConfig.deployDescriptor Deployment of deployment descriptor [C:\Users\DELL\IdeaProjects\woman-complaint-system\conf\Catalina\localhost\complaint.xml] has finished in [576] ms
11-Jun-2025 12:21:21.329 INFO [main] org.apache.coyote.AbstractProtocol.start Starting ProtocolHandler ["http-nio-8080"]
11-Jun-2025 12:21:21.347 INFO [main] org.apache.catalina.startup.Catalina.start Server startup in [646] milliseconds
11-Jun-2025 12:56:23.248 INFO [Thread-4] org.apache.coyote.AbstractProtocol.pause Pausing ProtocolHandler ["http-nio-8080"]
11-Jun-2025 12:56:23.881 INFO [Thread-4] org.apache.catalina.core.StandardService.stopInternal Stopping service [Catalina]
11-Jun-2025 12:56:23.916 INFO [Thread-4] org.apache.coyote.AbstractProtocol.stop Stopping ProtocolHandler ["http-nio-8080"]
11-Jun-2025 12:56:23.940 INFO [Thread-4] org.apache.coyote.AbstractProtocol.destroy Destroying ProtocolHandler ["http-nio-8080"]
11-Jun-2025 12:56:32.925 INFO [main] org.apache.catalina.startup.VersionLoggerListener.log Server version name:   Apache Tomcat/9.0.38
11-Jun-2025 12:56:32.930 INFO [main] org.apache.catalina.startup.VersionLoggerListener.log Server built:          Sep 10 2020 08:20:30 UTC
11-Jun-2025 12:56:32.930 INFO [main] org.apache.catalina.startup.VersionLoggerListener.log Server version number: 9.0.38.0
11-Jun-2025 12:56:32.930 INFO [main] org.apache.catalina.startup.VersionLoggerListener.log OS Name:               Windows 10
11-Jun-2025 12:56:32.930 INFO [main] org.apache.catalina.startup.VersionLoggerListener.log OS Version:            10.0
11-Jun-2025 12:56:32.930 INFO [main] org.apache.catalina.startup.VersionLoggerListener.log Architecture:          amd64
11-Jun-2025 12:56:32.931 INFO [main] org.apache.catalina.startup.VersionLoggerListener.log Java Home:             C:\Program Files\Java\jdk1.8.0_261\jre
11-Jun-2025 12:56:32.931 INFO [main] org.apache.catalina.startup.VersionLoggerListener.log JVM Version:           1.8.0_261-b12
11-Jun-2025 12:56:32.931 INFO [main] org.apache.catalina.startup.VersionLoggerListener.log JVM Vendor:            Oracle Corporation
11-Jun-2025 12:56:32.931 INFO [main] org.apache.catalina.startup.VersionLoggerListener.log CATALINA_BASE:         C:\Users\DELL\IdeaProjects\woman-complaint-system
11-Jun-2025 12:56:32.931 INFO [main] org.apache.catalina.startup.VersionLoggerListener.log CATALINA_HOME:         C:\Users\DELL\Desktop\Server\apache-tomcat-9.0.38
11-Jun-2025 12:56:32.934 INFO [main] org.apache.catalina.startup.VersionLoggerListener.log Command line argument: -Dcatalina.home=C:\Users\DELL\Desktop\Server\apache-tomcat-9.0.38
11-Jun-2025 12:56:32.934 INFO [main] org.apache.catalina.startup.VersionLoggerListener.log Command line argument: -Dcatalina.base=C:\Users\DELL\IdeaProjects\woman-complaint-system
11-Jun-2025 12:56:32.934 INFO [main] org.apache.catalina.startup.VersionLoggerListener.log Command line argument: -Djava.io.tmpdir=C:\Users\DELL\IdeaProjects\woman-complaint-system\temp
11-Jun-2025 12:56:32.934 INFO [main] org.apache.catalina.startup.VersionLoggerListener.log Command line argument: -Djava.util.logging.config.file=C:\Users\DELL\IdeaProjects\woman-complaint-system\conf\logging.properties
11-Jun-2025 12:56:32.934 INFO [main] org.apache.catalina.startup.VersionLoggerListener.log Command line argument: -Djava.util.logging.manager=org.apache.juli.ClassLoaderLogManager
11-Jun-2025 12:56:32.935 INFO [main] org.apache.catalina.startup.VersionLoggerListener.log Command line argument: -javaagent:C:\Program Files\JetBrains\IntelliJ IDEA Community Edition 2024.3.3\lib\idea_rt.jar=54376:C:\Program Files\JetBrains\IntelliJ IDEA Community Edition 2024.3.3\bin
11-Jun-2025 12:56:32.935 INFO [main] org.apache.catalina.startup.VersionLoggerListener.log Command line argument: -Dfile.encoding=UTF-8
11-Jun-2025 12:56:32.941 INFO [main] org.apache.catalina.core.AprLifecycleListener.lifecycleEvent Loaded Apache Tomcat Native library [1.2.25] using APR version [1.7.0].
11-Jun-2025 12:56:32.941 INFO [main] org.apache.catalina.core.AprLifecycleListener.lifecycleEvent APR capabilities: IPv6 [true], sendfile [true], accept filters [false], random [true].
11-Jun-2025 12:56:32.941 INFO [main] org.apache.catalina.core.AprLifecycleListener.lifecycleEvent APR/OpenSSL configuration: useAprConnector [false], useOpenSSL [true]
11-Jun-2025 12:56:32.950 INFO [main] org.apache.catalina.core.AprLifecycleListener.initializeSSL OpenSSL successfully initialized [OpenSSL 1.1.1g  21 Apr 2020]
11-Jun-2025 12:56:33.595 INFO [main] org.apache.coyote.AbstractProtocol.init Initializing ProtocolHandler ["http-nio-8080"]
11-Jun-2025 12:56:34.401 INFO [main] org.apache.catalina.startup.Catalina.load Server initialization in [1871] milliseconds
11-Jun-2025 12:56:34.424 INFO [main] org.apache.catalina.core.StandardService.startInternal Starting service [Catalina]
11-Jun-2025 12:56:34.424 INFO [main] org.apache.catalina.core.StandardEngine.startInternal Starting Servlet engine: [Apache Tomcat/9.0.38]
11-Jun-2025 12:56:34.432 INFO [main] org.apache.catalina.startup.HostConfig.deployDescriptor Deploying deployment descriptor [C:\Users\DELL\IdeaProjects\woman-complaint-system\conf\Catalina\localhost\complaint.xml]
11-Jun-2025 12:56:34.778 INFO [main] org.apache.jasper.servlet.TldScanner.scanJars At least one JAR was scanned for TLDs yet contained no TLDs. Enable debug logging for this logger for a complete list of JARs that were scanned but no TLDs were found in them. Skipping unneeded JARs during scanning can improve startup time and JSP compilation time.
11-Jun-2025 12:56:34.822 INFO [main] org.apache.catalina.startup.HostConfig.deployDescriptor Deployment of deployment descriptor [C:\Users\DELL\IdeaProjects\woman-complaint-system\conf\Catalina\localhost\complaint.xml] has finished in [390] ms
11-Jun-2025 12:56:34.825 INFO [main] org.apache.coyote.AbstractProtocol.start Starting ProtocolHandler ["http-nio-8080"]
11-Jun-2025 12:56:34.832 INFO [main] org.apache.catalina.startup.Catalina.start Server startup in [430] milliseconds
11-Jun-2025 13:04:12.624 INFO [Thread-4] org.apache.coyote.AbstractProtocol.pause Pausing ProtocolHandler ["http-nio-8080"]
11-Jun-2025 13:04:13.184 INFO [Thread-4] org.apache.catalina.core.StandardService.stopInternal Stopping service [Catalina]
11-Jun-2025 13:04:13.211 INFO [Thread-4] org.apache.coyote.AbstractProtocol.stop Stopping ProtocolHandler ["http-nio-8080"]
11-Jun-2025 13:04:13.231 INFO [Thread-4] org.apache.coyote.AbstractProtocol.destroy Destroying ProtocolHandler ["http-nio-8080"]
11-Jun-2025 13:04:16.175 INFO [main] org.apache.catalina.startup.VersionLoggerListener.log Server version name:   Apache Tomcat/9.0.38
11-Jun-2025 13:04:16.178 INFO [main] org.apache.catalina.startup.VersionLoggerListener.log Server built:          Sep 10 2020 08:20:30 UTC
11-Jun-2025 13:04:16.178 INFO [main] org.apache.catalina.startup.VersionLoggerListener.log Server version number: 9.0.38.0
11-Jun-2025 13:04:16.178 INFO [main] org.apache.catalina.startup.VersionLoggerListener.log OS Name:               Windows 10
11-Jun-2025 13:04:16.178 INFO [main] org.apache.catalina.startup.VersionLoggerListener.log OS Version:            10.0
11-Jun-2025 13:04:16.178 INFO [main] org.apache.catalina.startup.VersionLoggerListener.log Architecture:          amd64
11-Jun-2025 13:04:16.178 INFO [main] org.apache.catalina.startup.VersionLoggerListener.log Java Home:             C:\Program Files\Java\jdk1.8.0_261\jre
11-Jun-2025 13:04:16.178 INFO [main] org.apache.catalina.startup.VersionLoggerListener.log JVM Version:           1.8.0_261-b12
11-Jun-2025 13:04:16.178 INFO [main] org.apache.catalina.startup.VersionLoggerListener.log JVM Vendor:            Oracle Corporation
11-Jun-2025 13:04:16.178 INFO [main] org.apache.catalina.startup.VersionLoggerListener.log CATALINA_BASE:         C:\Users\DELL\IdeaProjects\woman-complaint-system
11-Jun-2025 13:04:16.178 INFO [main] org.apache.catalina.startup.VersionLoggerListener.log CATALINA_HOME:         C:\Users\DELL\Desktop\Server\apache-tomcat-9.0.38
11-Jun-2025 13:04:16.181 INFO [main] org.apache.catalina.startup.VersionLoggerListener.log Command line argument: -Dcatalina.home=C:\Users\DELL\Desktop\Server\apache-tomcat-9.0.38
11-Jun-2025 13:04:16.181 INFO [main] org.apache.catalina.startup.VersionLoggerListener.log Command line argument: -Dcatalina.base=C:\Users\DELL\IdeaProjects\woman-complaint-system
11-Jun-2025 13:04:16.182 INFO [main] org.apache.catalina.startup.VersionLoggerListener.log Command line argument: -Djava.io.tmpdir=C:\Users\DELL\IdeaProjects\woman-complaint-system\temp
11-Jun-2025 13:04:16.182 INFO [main] org.apache.catalina.startup.VersionLoggerListener.log Command line argument: -Djava.util.logging.config.file=C:\Users\DELL\IdeaProjects\woman-complaint-system\conf\logging.properties
11-Jun-2025 13:04:16.182 INFO [main] org.apache.catalina.startup.VersionLoggerListener.log Command line argument: -Djava.util.logging.manager=org.apache.juli.ClassLoaderLogManager
11-Jun-2025 13:04:16.182 INFO [main] org.apache.catalina.startup.VersionLoggerListener.log Command line argument: -javaagent:C:\Program Files\JetBrains\IntelliJ IDEA Community Edition 2024.3.3\lib\idea_rt.jar=54458:C:\Program Files\JetBrains\IntelliJ IDEA Community Edition 2024.3.3\bin
11-Jun-2025 13:04:16.182 INFO [main] org.apache.catalina.startup.VersionLoggerListener.log Command line argument: -Dfile.encoding=UTF-8
11-Jun-2025 13:04:16.188 INFO [main] org.apache.catalina.core.AprLifecycleListener.lifecycleEvent Loaded Apache Tomcat Native library [1.2.25] using APR version [1.7.0].
11-Jun-2025 13:04:16.188 INFO [main] org.apache.catalina.core.AprLifecycleListener.lifecycleEvent APR capabilities: IPv6 [true], sendfile [true], accept filters [false], random [true].
11-Jun-2025 13:04:16.188 INFO [main] org.apache.catalina.core.AprLifecycleListener.lifecycleEvent APR/OpenSSL configuration: useAprConnector [false], useOpenSSL [true]
11-Jun-2025 13:04:16.194 INFO [main] org.apache.catalina.core.AprLifecycleListener.initializeSSL OpenSSL successfully initialized [OpenSSL 1.1.1g  21 Apr 2020]
11-Jun-2025 13:04:16.759 INFO [main] org.apache.coyote.AbstractProtocol.init Initializing ProtocolHandler ["http-nio-8080"]
11-Jun-2025 13:04:17.364 INFO [main] org.apache.catalina.startup.Catalina.load Server initialization in [1543] milliseconds
11-Jun-2025 13:04:17.397 INFO [main] org.apache.catalina.core.StandardService.startInternal Starting service [Catalina]
11-Jun-2025 13:04:17.397 INFO [main] org.apache.catalina.core.StandardEngine.startInternal Starting Servlet engine: [Apache Tomcat/9.0.38]
11-Jun-2025 13:04:17.406 INFO [main] org.apache.catalina.startup.HostConfig.deployDescriptor Deploying deployment descriptor [C:\Users\DELL\IdeaProjects\woman-complaint-system\conf\Catalina\localhost\complaint.xml]
11-Jun-2025 13:04:17.766 INFO [main] org.apache.jasper.servlet.TldScanner.scanJars At least one JAR was scanned for TLDs yet contained no TLDs. Enable debug logging for this logger for a complete list of JARs that were scanned but no TLDs were found in them. Skipping unneeded JARs during scanning can improve startup time and JSP compilation time.
11-Jun-2025 13:04:17.818 INFO [main] org.apache.catalina.startup.HostConfig.deployDescriptor Deployment of deployment descriptor [C:\Users\DELL\IdeaProjects\woman-complaint-system\conf\Catalina\localhost\complaint.xml] has finished in [411] ms
11-Jun-2025 13:04:17.823 INFO [main] org.apache.coyote.AbstractProtocol.start Starting ProtocolHandler ["http-nio-8080"]
11-Jun-2025 13:04:17.830 INFO [main] org.apache.catalina.startup.Catalina.start Server startup in [465] milliseconds
11-Jun-2025 13:09:17.340 INFO [Thread-4] org.apache.coyote.AbstractProtocol.pause Pausing ProtocolHandler ["http-nio-8080"]
11-Jun-2025 13:09:18.138 INFO [Thread-4] org.apache.catalina.core.StandardService.stopInternal Stopping service [Catalina]
11-Jun-2025 13:09:18.150 INFO [Thread-4] org.apache.coyote.AbstractProtocol.stop Stopping ProtocolHandler ["http-nio-8080"]
11-Jun-2025 13:09:18.183 INFO [Thread-4] org.apache.coyote.AbstractProtocol.destroy Destroying ProtocolHandler ["http-nio-8080"]
11-Jun-2025 13:09:25.222 INFO [main] org.apache.catalina.startup.VersionLoggerListener.log Server version name:   Apache Tomcat/9.0.38
11-Jun-2025 13:09:25.225 INFO [main] org.apache.catalina.startup.VersionLoggerListener.log Server built:          Sep 10 2020 08:20:30 UTC
11-Jun-2025 13:09:25.225 INFO [main] org.apache.catalina.startup.VersionLoggerListener.log Server version number: 9.0.38.0
11-Jun-2025 13:09:25.225 INFO [main] org.apache.catalina.startup.VersionLoggerListener.log OS Name:               Windows 10
11-Jun-2025 13:09:25.225 INFO [main] org.apache.catalina.startup.VersionLoggerListener.log OS Version:            10.0
11-Jun-2025 13:09:25.225 INFO [main] org.apache.catalina.startup.VersionLoggerListener.log Architecture:          amd64
11-Jun-2025 13:09:25.226 INFO [main] org.apache.catalina.startup.VersionLoggerListener.log Java Home:             C:\Program Files\Java\jdk1.8.0_261\jre
11-Jun-2025 13:09:25.226 INFO [main] org.apache.catalina.startup.VersionLoggerListener.log JVM Version:           1.8.0_261-b12
11-Jun-2025 13:09:25.226 INFO [main] org.apache.catalina.startup.VersionLoggerListener.log JVM Vendor:            Oracle Corporation
11-Jun-2025 13:09:25.226 INFO [main] org.apache.catalina.startup.VersionLoggerListener.log CATALINA_BASE:         C:\Users\DELL\IdeaProjects\woman-complaint-system
11-Jun-2025 13:09:25.226 INFO [main] org.apache.catalina.startup.VersionLoggerListener.log CATALINA_HOME:         C:\Users\DELL\Desktop\Server\apache-tomcat-9.0.38
11-Jun-2025 13:09:25.230 INFO [main] org.apache.catalina.startup.VersionLoggerListener.log Command line argument: -Dcatalina.home=C:\Users\DELL\Desktop\Server\apache-tomcat-9.0.38
11-Jun-2025 13:09:25.230 INFO [main] org.apache.catalina.startup.VersionLoggerListener.log Command line argument: -Dcatalina.base=C:\Users\DELL\IdeaProjects\woman-complaint-system
11-Jun-2025 13:09:25.230 INFO [main] org.apache.catalina.startup.VersionLoggerListener.log Command line argument: -Djava.io.tmpdir=C:\Users\DELL\IdeaProjects\woman-complaint-system\temp
11-Jun-2025 13:09:25.230 INFO [main] org.apache.catalina.startup.VersionLoggerListener.log Command line argument: -Djava.util.logging.config.file=C:\Users\DELL\IdeaProjects\woman-complaint-system\conf\logging.properties
11-Jun-2025 13:09:25.230 INFO [main] org.apache.catalina.startup.VersionLoggerListener.log Command line argument: -Djava.util.logging.manager=org.apache.juli.ClassLoaderLogManager
11-Jun-2025 13:09:25.230 INFO [main] org.apache.catalina.startup.VersionLoggerListener.log Command line argument: -javaagent:C:\Program Files\JetBrains\IntelliJ IDEA Community Edition 2024.3.3\lib\idea_rt.jar=54545:C:\Program Files\JetBrains\IntelliJ IDEA Community Edition 2024.3.3\bin
11-Jun-2025 13:09:25.230 INFO [main] org.apache.catalina.startup.VersionLoggerListener.log Command line argument: -Dfile.encoding=UTF-8
11-Jun-2025 13:09:25.236 INFO [main] org.apache.catalina.core.AprLifecycleListener.lifecycleEvent Loaded Apache Tomcat Native library [1.2.25] using APR version [1.7.0].
11-Jun-2025 13:09:25.236 INFO [main] org.apache.catalina.core.AprLifecycleListener.lifecycleEvent APR capabilities: IPv6 [true], sendfile [true], accept filters [false], random [true].
11-Jun-2025 13:09:25.236 INFO [main] org.apache.catalina.core.AprLifecycleListener.lifecycleEvent APR/OpenSSL configuration: useAprConnector [false], useOpenSSL [true]
11-Jun-2025 13:09:25.244 INFO [main] org.apache.catalina.core.AprLifecycleListener.initializeSSL OpenSSL successfully initialized [OpenSSL 1.1.1g  21 Apr 2020]
11-Jun-2025 13:09:25.810 INFO [main] org.apache.coyote.AbstractProtocol.init Initializing ProtocolHandler ["http-nio-8080"]
11-Jun-2025 13:09:26.542 INFO [main] org.apache.catalina.startup.Catalina.load Server initialization in [1659] milliseconds
11-Jun-2025 13:09:26.566 INFO [main] org.apache.catalina.core.StandardService.startInternal Starting service [Catalina]
11-Jun-2025 13:09:26.566 INFO [main] org.apache.catalina.core.StandardEngine.startInternal Starting Servlet engine: [Apache Tomcat/9.0.38]
11-Jun-2025 13:09:26.576 INFO [main] org.apache.catalina.startup.HostConfig.deployDescriptor Deploying deployment descriptor [C:\Users\DELL\IdeaProjects\woman-complaint-system\conf\Catalina\localhost\complaint.xml]
11-Jun-2025 13:09:26.928 INFO [main] org.apache.jasper.servlet.TldScanner.scanJars At least one JAR was scanned for TLDs yet contained no TLDs. Enable debug logging for this logger for a complete list of JARs that were scanned but no TLDs were found in them. Skipping unneeded JARs during scanning can improve startup time and JSP compilation time.
11-Jun-2025 13:09:26.974 INFO [main] org.apache.catalina.startup.HostConfig.deployDescriptor Deployment of deployment descriptor [C:\Users\DELL\IdeaProjects\woman-complaint-system\conf\Catalina\localhost\complaint.xml] has finished in [398] ms
11-Jun-2025 13:09:26.977 INFO [main] org.apache.coyote.AbstractProtocol.start Starting ProtocolHandler ["http-nio-8080"]
11-Jun-2025 13:09:26.984 INFO [main] org.apache.catalina.startup.Catalina.start Server startup in [441] milliseconds
11-Jun-2025 13:18:17.660 INFO [Thread-4] org.apache.coyote.AbstractProtocol.pause Pausing ProtocolHandler ["http-nio-8080"]
11-Jun-2025 13:18:18.210 INFO [Thread-4] org.apache.catalina.core.StandardService.stopInternal Stopping service [Catalina]
11-Jun-2025 13:18:18.229 INFO [Thread-4] org.apache.coyote.AbstractProtocol.stop Stopping ProtocolHandler ["http-nio-8080"]
11-Jun-2025 13:18:18.276 INFO [Thread-4] org.apache.coyote.AbstractProtocol.destroy Destroying ProtocolHandler ["http-nio-8080"]
11-Jun-2025 13:18:24.252 INFO [main] org.apache.catalina.startup.VersionLoggerListener.log Server version name:   Apache Tomcat/9.0.38
11-Jun-2025 13:18:24.255 INFO [main] org.apache.catalina.startup.VersionLoggerListener.log Server built:          Sep 10 2020 08:20:30 UTC
11-Jun-2025 13:18:24.256 INFO [main] org.apache.catalina.startup.VersionLoggerListener.log Server version number: 9.0.38.0
11-Jun-2025 13:18:24.256 INFO [main] org.apache.catalina.startup.VersionLoggerListener.log OS Name:               Windows 10
11-Jun-2025 13:18:24.256 INFO [main] org.apache.catalina.startup.VersionLoggerListener.log OS Version:            10.0
11-Jun-2025 13:18:24.256 INFO [main] org.apache.catalina.startup.VersionLoggerListener.log Architecture:          amd64
11-Jun-2025 13:18:24.256 INFO [main] org.apache.catalina.startup.VersionLoggerListener.log Java Home:             C:\Program Files\Java\jdk1.8.0_261\jre
11-Jun-2025 13:18:24.256 INFO [main] org.apache.catalina.startup.VersionLoggerListener.log JVM Version:           1.8.0_261-b12
11-Jun-2025 13:18:24.256 INFO [main] org.apache.catalina.startup.VersionLoggerListener.log JVM Vendor:            Oracle Corporation
11-Jun-2025 13:18:24.256 INFO [main] org.apache.catalina.startup.VersionLoggerListener.log CATALINA_BASE:         C:\Users\DELL\IdeaProjects\woman-complaint-system
11-Jun-2025 13:18:24.256 INFO [main] org.apache.catalina.startup.VersionLoggerListener.log CATALINA_HOME:         C:\Users\DELL\Desktop\Server\apache-tomcat-9.0.38
11-Jun-2025 13:18:24.260 INFO [main] org.apache.catalina.startup.VersionLoggerListener.log Command line argument: -Dcatalina.home=C:\Users\DELL\Desktop\Server\apache-tomcat-9.0.38
11-Jun-2025 13:18:24.260 INFO [main] org.apache.catalina.startup.VersionLoggerListener.log Command line argument: -Dcatalina.base=C:\Users\DELL\IdeaProjects\woman-complaint-system
11-Jun-2025 13:18:24.260 INFO [main] org.apache.catalina.startup.VersionLoggerListener.log Command line argument: -Djava.io.tmpdir=C:\Users\DELL\IdeaProjects\woman-complaint-system\temp
11-Jun-2025 13:18:24.260 INFO [main] org.apache.catalina.startup.VersionLoggerListener.log Command line argument: -Djava.util.logging.config.file=C:\Users\DELL\IdeaProjects\woman-complaint-system\conf\logging.properties
11-Jun-2025 13:18:24.260 INFO [main] org.apache.catalina.startup.VersionLoggerListener.log Command line argument: -Djava.util.logging.manager=org.apache.juli.ClassLoaderLogManager
11-Jun-2025 13:18:24.261 INFO [main] org.apache.catalina.startup.VersionLoggerListener.log Command line argument: -javaagent:C:\Program Files\JetBrains\IntelliJ IDEA Community Edition 2024.3.3\lib\idea_rt.jar=54633:C:\Program Files\JetBrains\IntelliJ IDEA Community Edition 2024.3.3\bin
11-Jun-2025 13:18:24.261 INFO [main] org.apache.catalina.startup.VersionLoggerListener.log Command line argument: -Dfile.encoding=UTF-8
11-Jun-2025 13:18:24.266 INFO [main] org.apache.catalina.core.AprLifecycleListener.lifecycleEvent Loaded Apache Tomcat Native library [1.2.25] using APR version [1.7.0].
11-Jun-2025 13:18:24.266 INFO [main] org.apache.catalina.core.AprLifecycleListener.lifecycleEvent APR capabilities: IPv6 [true], sendfile [true], accept filters [false], random [true].
11-Jun-2025 13:18:24.266 INFO [main] org.apache.catalina.core.AprLifecycleListener.lifecycleEvent APR/OpenSSL configuration: useAprConnector [false], useOpenSSL [true]
11-Jun-2025 13:18:24.275 INFO [main] org.apache.catalina.core.AprLifecycleListener.initializeSSL OpenSSL successfully initialized [OpenSSL 1.1.1g  21 Apr 2020]
11-Jun-2025 13:18:24.844 INFO [main] org.apache.coyote.AbstractProtocol.init Initializing ProtocolHandler ["http-nio-8080"]
11-Jun-2025 13:18:25.442 INFO [main] org.apache.catalina.startup.Catalina.load Server initialization in [1511] milliseconds
11-Jun-2025 13:18:25.466 INFO [main] org.apache.catalina.core.StandardService.startInternal Starting service [Catalina]
11-Jun-2025 13:18:25.466 INFO [main] org.apache.catalina.core.StandardEngine.startInternal Starting Servlet engine: [Apache Tomcat/9.0.38]
11-Jun-2025 13:18:25.474 INFO [main] org.apache.catalina.startup.HostConfig.deployDescriptor Deploying deployment descriptor [C:\Users\DELL\IdeaProjects\woman-complaint-system\conf\Catalina\localhost\complaint.xml]
11-Jun-2025 13:18:25.818 INFO [main] org.apache.jasper.servlet.TldScanner.scanJars At least one JAR was scanned for TLDs yet contained no TLDs. Enable debug logging for this logger for a complete list of JARs that were scanned but no TLDs were found in them. Skipping unneeded JARs during scanning can improve startup time and JSP compilation time.
11-Jun-2025 13:18:25.867 INFO [main] org.apache.catalina.startup.HostConfig.deployDescriptor Deployment of deployment descriptor [C:\Users\DELL\IdeaProjects\woman-complaint-system\conf\Catalina\localhost\complaint.xml] has finished in [393] ms
11-Jun-2025 13:18:25.870 INFO [main] org.apache.coyote.AbstractProtocol.start Starting ProtocolHandler ["http-nio-8080"]
11-Jun-2025 13:18:25.877 INFO [main] org.apache.catalina.startup.Catalina.start Server startup in [434] milliseconds
11-Jun-2025 13:20:18.668 INFO [Thread-4] org.apache.coyote.AbstractProtocol.pause Pausing ProtocolHandler ["http-nio-8080"]
11-Jun-2025 13:20:19.283 INFO [Thread-4] org.apache.catalina.core.StandardService.stopInternal Stopping service [Catalina]
11-Jun-2025 13:20:19.298 INFO [Thread-4] org.apache.coyote.AbstractProtocol.stop Stopping ProtocolHandler ["http-nio-8080"]
11-Jun-2025 13:20:19.343 INFO [Thread-4] org.apache.coyote.AbstractProtocol.destroy Destroying ProtocolHandler ["http-nio-8080"]
11-Jun-2025 13:20:25.353 INFO [main] org.apache.catalina.startup.VersionLoggerListener.log Server version name:   Apache Tomcat/9.0.38
11-Jun-2025 13:20:25.357 INFO [main] org.apache.catalina.startup.VersionLoggerListener.log Server built:          Sep 10 2020 08:20:30 UTC
11-Jun-2025 13:20:25.357 INFO [main] org.apache.catalina.startup.VersionLoggerListener.log Server version number: 9.0.38.0
11-Jun-2025 13:20:25.357 INFO [main] org.apache.catalina.startup.VersionLoggerListener.log OS Name:               Windows 10
11-Jun-2025 13:20:25.357 INFO [main] org.apache.catalina.startup.VersionLoggerListener.log OS Version:            10.0
11-Jun-2025 13:20:25.357 INFO [main] org.apache.catalina.startup.VersionLoggerListener.log Architecture:          amd64
11-Jun-2025 13:20:25.358 INFO [main] org.apache.catalina.startup.VersionLoggerListener.log Java Home:             C:\Program Files\Java\jdk1.8.0_261\jre
11-Jun-2025 13:20:25.358 INFO [main] org.apache.catalina.startup.VersionLoggerListener.log JVM Version:           1.8.0_261-b12
11-Jun-2025 13:20:25.358 INFO [main] org.apache.catalina.startup.VersionLoggerListener.log JVM Vendor:            Oracle Corporation
11-Jun-2025 13:20:25.358 INFO [main] org.apache.catalina.startup.VersionLoggerListener.log CATALINA_BASE:         C:\Users\DELL\IdeaProjects\woman-complaint-system
11-Jun-2025 13:20:25.358 INFO [main] org.apache.catalina.startup.VersionLoggerListener.log CATALINA_HOME:         C:\Users\DELL\Desktop\Server\apache-tomcat-9.0.38
11-Jun-2025 13:20:25.360 INFO [main] org.apache.catalina.startup.VersionLoggerListener.log Command line argument: -Dcatalina.home=C:\Users\DELL\Desktop\Server\apache-tomcat-9.0.38
11-Jun-2025 13:20:25.360 INFO [main] org.apache.catalina.startup.VersionLoggerListener.log Command line argument: -Dcatalina.base=C:\Users\DELL\IdeaProjects\woman-complaint-system
11-Jun-2025 13:20:25.360 INFO [main] org.apache.catalina.startup.VersionLoggerListener.log Command line argument: -Djava.io.tmpdir=C:\Users\DELL\IdeaProjects\woman-complaint-system\temp
11-Jun-2025 13:20:25.360 INFO [main] org.apache.catalina.startup.VersionLoggerListener.log Command line argument: -Djava.util.logging.config.file=C:\Users\DELL\IdeaProjects\woman-complaint-system\conf\logging.properties
11-Jun-2025 13:20:25.361 INFO [main] org.apache.catalina.startup.VersionLoggerListener.log Command line argument: -Djava.util.logging.manager=org.apache.juli.ClassLoaderLogManager
11-Jun-2025 13:20:25.361 INFO [main] org.apache.catalina.startup.VersionLoggerListener.log Command line argument: -javaagent:C:\Program Files\JetBrains\IntelliJ IDEA Community Edition 2024.3.3\lib\idea_rt.jar=54662:C:\Program Files\JetBrains\IntelliJ IDEA Community Edition 2024.3.3\bin
11-Jun-2025 13:20:25.361 INFO [main] org.apache.catalina.startup.VersionLoggerListener.log Command line argument: -Dfile.encoding=UTF-8
11-Jun-2025 13:20:25.366 INFO [main] org.apache.catalina.core.AprLifecycleListener.lifecycleEvent Loaded Apache Tomcat Native library [1.2.25] using APR version [1.7.0].
11-Jun-2025 13:20:25.366 INFO [main] org.apache.catalina.core.AprLifecycleListener.lifecycleEvent APR capabilities: IPv6 [true], sendfile [true], accept filters [false], random [true].
11-Jun-2025 13:20:25.366 INFO [main] org.apache.catalina.core.AprLifecycleListener.lifecycleEvent APR/OpenSSL configuration: useAprConnector [false], useOpenSSL [true]
11-Jun-2025 13:20:25.374 INFO [main] org.apache.catalina.core.AprLifecycleListener.initializeSSL OpenSSL successfully initialized [OpenSSL 1.1.1g  21 Apr 2020]
11-Jun-2025 13:20:25.897 INFO [main] org.apache.coyote.AbstractProtocol.init Initializing ProtocolHandler ["http-nio-8080"]
11-Jun-2025 13:20:26.488 INFO [main] org.apache.catalina.startup.Catalina.load Server initialization in [1421] milliseconds
11-Jun-2025 13:20:26.510 INFO [main] org.apache.catalina.core.StandardService.startInternal Starting service [Catalina]
11-Jun-2025 13:20:26.510 INFO [main] org.apache.catalina.core.StandardEngine.startInternal Starting Servlet engine: [Apache Tomcat/9.0.38]
11-Jun-2025 13:20:26.518 INFO [main] org.apache.catalina.startup.HostConfig.deployDescriptor Deploying deployment descriptor [C:\Users\DELL\IdeaProjects\woman-complaint-system\conf\Catalina\localhost\complaint.xml]
11-Jun-2025 13:20:26.862 INFO [main] org.apache.jasper.servlet.TldScanner.scanJars At least one JAR was scanned for TLDs yet contained no TLDs. Enable debug logging for this logger for a complete list of JARs that were scanned but no TLDs were found in them. Skipping unneeded JARs during scanning can improve startup time and JSP compilation time.
11-Jun-2025 13:20:26.912 INFO [main] org.apache.catalina.startup.HostConfig.deployDescriptor Deployment of deployment descriptor [C:\Users\DELL\IdeaProjects\woman-complaint-system\conf\Catalina\localhost\complaint.xml] has finished in [394] ms
11-Jun-2025 13:20:26.915 INFO [main] org.apache.coyote.AbstractProtocol.start Starting ProtocolHandler ["http-nio-8080"]
11-Jun-2025 13:20:26.923 INFO [main] org.apache.catalina.startup.Catalina.start Server startup in [434] milliseconds
11-Jun-2025 16:37:05.683 INFO [main] org.apache.catalina.startup.VersionLoggerListener.log Server version name:   Apache Tomcat/9.0.38
11-Jun-2025 16:37:05.688 INFO [main] org.apache.catalina.startup.VersionLoggerListener.log Server built:          Sep 10 2020 08:20:30 UTC
11-Jun-2025 16:37:05.688 INFO [main] org.apache.catalina.startup.VersionLoggerListener.log Server version number: 9.0.38.0
11-Jun-2025 16:37:05.689 INFO [main] org.apache.catalina.startup.VersionLoggerListener.log OS Name:               Windows 10
11-Jun-2025 16:37:05.689 INFO [main] org.apache.catalina.startup.VersionLoggerListener.log OS Version:            10.0
11-Jun-2025 16:37:05.689 INFO [main] org.apache.catalina.startup.VersionLoggerListener.log Architecture:          amd64
11-Jun-2025 16:37:05.689 INFO [main] org.apache.catalina.startup.VersionLoggerListener.log Java Home:             C:\Program Files\Java\jdk1.8.0_261\jre
11-Jun-2025 16:37:05.689 INFO [main] org.apache.catalina.startup.VersionLoggerListener.log JVM Version:           1.8.0_261-b12
11-Jun-2025 16:37:05.689 INFO [main] org.apache.catalina.startup.VersionLoggerListener.log JVM Vendor:            Oracle Corporation
11-Jun-2025 16:37:05.689 INFO [main] org.apache.catalina.startup.VersionLoggerListener.log CATALINA_BASE:         C:\Users\DELL\IdeaProjects\woman-complaint-system
11-Jun-2025 16:37:05.690 INFO [main] org.apache.catalina.startup.VersionLoggerListener.log CATALINA_HOME:         C:\Users\DELL\Desktop\Server\apache-tomcat-9.0.38
11-Jun-2025 16:37:05.693 INFO [main] org.apache.catalina.startup.VersionLoggerListener.log Command line argument: -Dcatalina.home=C:\Users\DELL\Desktop\Server\apache-tomcat-9.0.38
11-Jun-2025 16:37:05.693 INFO [main] org.apache.catalina.startup.VersionLoggerListener.log Command line argument: -Dcatalina.base=C:\Users\DELL\IdeaProjects\woman-complaint-system
11-Jun-2025 16:37:05.693 INFO [main] org.apache.catalina.startup.VersionLoggerListener.log Command line argument: -Djava.io.tmpdir=C:\Users\DELL\IdeaProjects\woman-complaint-system\temp
11-Jun-2025 16:37:05.694 INFO [main] org.apache.catalina.startup.VersionLoggerListener.log Command line argument: -Djava.util.logging.config.file=C:\Users\DELL\IdeaProjects\woman-complaint-system\conf\logging.properties
11-Jun-2025 16:37:05.694 INFO [main] org.apache.catalina.startup.VersionLoggerListener.log Command line argument: -Djava.util.logging.manager=org.apache.juli.ClassLoaderLogManager
11-Jun-2025 16:37:05.694 INFO [main] org.apache.catalina.startup.VersionLoggerListener.log Command line argument: -javaagent:C:\Program Files\JetBrains\IntelliJ IDEA Community Edition 2024.3.3\lib\idea_rt.jar=50405:C:\Program Files\JetBrains\IntelliJ IDEA Community Edition 2024.3.3\bin
11-Jun-2025 16:37:05.694 INFO [main] org.apache.catalina.startup.VersionLoggerListener.log Command line argument: -Dfile.encoding=UTF-8
11-Jun-2025 16:37:05.707 INFO [main] org.apache.catalina.core.AprLifecycleListener.lifecycleEvent Loaded Apache Tomcat Native library [1.2.25] using APR version [1.7.0].
11-Jun-2025 16:37:05.707 INFO [main] org.apache.catalina.core.AprLifecycleListener.lifecycleEvent APR capabilities: IPv6 [true], sendfile [true], accept filters [false], random [true].
11-Jun-2025 16:37:05.707 INFO [main] org.apache.catalina.core.AprLifecycleListener.lifecycleEvent APR/OpenSSL configuration: useAprConnector [false], useOpenSSL [true]
11-Jun-2025 16:37:05.738 INFO [main] org.apache.catalina.core.AprLifecycleListener.initializeSSL OpenSSL successfully initialized [OpenSSL 1.1.1g  21 Apr 2020]
11-Jun-2025 16:37:06.517 INFO [main] org.apache.coyote.AbstractProtocol.init Initializing ProtocolHandler ["http-nio-8080"]
11-Jun-2025 16:37:07.341 INFO [main] org.apache.catalina.startup.Catalina.load Server initialization in [2128] milliseconds
11-Jun-2025 16:37:07.408 INFO [main] org.apache.catalina.core.StandardService.startInternal Starting service [Catalina]
11-Jun-2025 16:37:07.409 INFO [main] org.apache.catalina.core.StandardEngine.startInternal Starting Servlet engine: [Apache Tomcat/9.0.38]
11-Jun-2025 16:37:07.429 INFO [main] org.apache.catalina.startup.HostConfig.deployDescriptor Deploying deployment descriptor [C:\Users\DELL\IdeaProjects\woman-complaint-system\conf\Catalina\localhost\complaint.xml]
11-Jun-2025 16:37:07.989 INFO [main] org.apache.jasper.servlet.TldScanner.scanJars At least one JAR was scanned for TLDs yet contained no TLDs. Enable debug logging for this logger for a complete list of JARs that were scanned but no TLDs were found in them. Skipping unneeded JARs during scanning can improve startup time and JSP compilation time.
11-Jun-2025 16:37:08.061 INFO [main] org.apache.catalina.startup.HostConfig.deployDescriptor Deployment of deployment descriptor [C:\Users\DELL\IdeaProjects\woman-complaint-system\conf\Catalina\localhost\complaint.xml] has finished in [631] ms
11-Jun-2025 16:37:08.067 INFO [main] org.apache.coyote.AbstractProtocol.start Starting ProtocolHandler ["http-nio-8080"]
11-Jun-2025 16:37:08.083 INFO [main] org.apache.catalina.startup.Catalina.start Server startup in [742] milliseconds
11-Jun-2025 16:38:48.099 INFO [Thread-4] org.apache.coyote.AbstractProtocol.pause Pausing ProtocolHandler ["http-nio-8080"]
11-Jun-2025 16:38:48.767 INFO [Thread-4] org.apache.catalina.core.StandardService.stopInternal Stopping service [Catalina]
11-Jun-2025 16:38:48.789 INFO [Thread-4] org.apache.coyote.AbstractProtocol.stop Stopping ProtocolHandler ["http-nio-8080"]
11-Jun-2025 16:38:48.818 INFO [Thread-4] org.apache.coyote.AbstractProtocol.destroy Destroying ProtocolHandler ["http-nio-8080"]
11-Jun-2025 16:38:58.661 INFO [main] org.apache.catalina.startup.VersionLoggerListener.log Server version name:   Apache Tomcat/9.0.38
11-Jun-2025 16:38:58.664 INFO [main] org.apache.catalina.startup.VersionLoggerListener.log Server built:          Sep 10 2020 08:20:30 UTC
11-Jun-2025 16:38:58.664 INFO [main] org.apache.catalina.startup.VersionLoggerListener.log Server version number: 9.0.38.0
11-Jun-2025 16:38:58.664 INFO [main] org.apache.catalina.startup.VersionLoggerListener.log OS Name:               Windows 10
11-Jun-2025 16:38:58.664 INFO [main] org.apache.catalina.startup.VersionLoggerListener.log OS Version:            10.0
11-Jun-2025 16:38:58.664 INFO [main] org.apache.catalina.startup.VersionLoggerListener.log Architecture:          amd64
11-Jun-2025 16:38:58.664 INFO [main] org.apache.catalina.startup.VersionLoggerListener.log Java Home:             C:\Program Files\Java\jdk1.8.0_261\jre
11-Jun-2025 16:38:58.666 INFO [main] org.apache.catalina.startup.VersionLoggerListener.log JVM Version:           1.8.0_261-b12
11-Jun-2025 16:38:58.666 INFO [main] org.apache.catalina.startup.VersionLoggerListener.log JVM Vendor:            Oracle Corporation
11-Jun-2025 16:38:58.666 INFO [main] org.apache.catalina.startup.VersionLoggerListener.log CATALINA_BASE:         C:\Users\DELL\IdeaProjects\woman-complaint-system
11-Jun-2025 16:38:58.666 INFO [main] org.apache.catalina.startup.VersionLoggerListener.log CATALINA_HOME:         C:\Users\DELL\Desktop\Server\apache-tomcat-9.0.38
11-Jun-2025 16:38:58.670 INFO [main] org.apache.catalina.startup.VersionLoggerListener.log Command line argument: -Dcatalina.home=C:\Users\DELL\Desktop\Server\apache-tomcat-9.0.38
11-Jun-2025 16:38:58.670 INFO [main] org.apache.catalina.startup.VersionLoggerListener.log Command line argument: -Dcatalina.base=C:\Users\DELL\IdeaProjects\woman-complaint-system
11-Jun-2025 16:38:58.670 INFO [main] org.apache.catalina.startup.VersionLoggerListener.log Command line argument: -Djava.io.tmpdir=C:\Users\DELL\IdeaProjects\woman-complaint-system\temp
11-Jun-2025 16:38:58.670 INFO [main] org.apache.catalina.startup.VersionLoggerListener.log Command line argument: -Djava.util.logging.config.file=C:\Users\DELL\IdeaProjects\woman-complaint-system\conf\logging.properties
11-Jun-2025 16:38:58.670 INFO [main] org.apache.catalina.startup.VersionLoggerListener.log Command line argument: -Djava.util.logging.manager=org.apache.juli.ClassLoaderLogManager
11-Jun-2025 16:38:58.670 INFO [main] org.apache.catalina.startup.VersionLoggerListener.log Command line argument: -javaagent:C:\Program Files\JetBrains\IntelliJ IDEA Community Edition 2024.3.3\lib\idea_rt.jar=50428:C:\Program Files\JetBrains\IntelliJ IDEA Community Edition 2024.3.3\bin
11-Jun-2025 16:38:58.671 INFO [main] org.apache.catalina.startup.VersionLoggerListener.log Command line argument: -Dfile.encoding=UTF-8
11-Jun-2025 16:38:58.675 INFO [main] org.apache.catalina.core.AprLifecycleListener.lifecycleEvent Loaded Apache Tomcat Native library [1.2.25] using APR version [1.7.0].
11-Jun-2025 16:38:58.676 INFO [main] org.apache.catalina.core.AprLifecycleListener.lifecycleEvent APR capabilities: IPv6 [true], sendfile [true], accept filters [false], random [true].
11-Jun-2025 16:38:58.676 INFO [main] org.apache.catalina.core.AprLifecycleListener.lifecycleEvent APR/OpenSSL configuration: useAprConnector [false], useOpenSSL [true]
11-Jun-2025 16:38:58.685 INFO [main] org.apache.catalina.core.AprLifecycleListener.initializeSSL OpenSSL successfully initialized [OpenSSL 1.1.1g  21 Apr 2020]
11-Jun-2025 16:38:59.373 INFO [main] org.apache.coyote.AbstractProtocol.init Initializing ProtocolHandler ["http-nio-8080"]
11-Jun-2025 16:39:00.212 INFO [main] org.apache.catalina.startup.Catalina.load Server initialization in [1948] milliseconds
11-Jun-2025 16:39:00.263 INFO [main] org.apache.catalina.core.StandardService.startInternal Starting service [Catalina]
11-Jun-2025 16:39:00.263 INFO [main] org.apache.catalina.core.StandardEngine.startInternal Starting Servlet engine: [Apache Tomcat/9.0.38]
11-Jun-2025 16:39:00.283 INFO [main] org.apache.catalina.startup.HostConfig.deployDescriptor Deploying deployment descriptor [C:\Users\DELL\IdeaProjects\woman-complaint-system\conf\Catalina\localhost\complaint.xml]
11-Jun-2025 16:39:00.846 INFO [main] org.apache.jasper.servlet.TldScanner.scanJars At least one JAR was scanned for TLDs yet contained no TLDs. Enable debug logging for this logger for a complete list of JARs that were scanned but no TLDs were found in them. Skipping unneeded JARs during scanning can improve startup time and JSP compilation time.
11-Jun-2025 16:39:00.922 INFO [main] org.apache.catalina.startup.HostConfig.deployDescriptor Deployment of deployment descriptor [C:\Users\DELL\IdeaProjects\woman-complaint-system\conf\Catalina\localhost\complaint.xml] has finished in [638] ms
11-Jun-2025 16:39:00.929 INFO [main] org.apache.coyote.AbstractProtocol.start Starting ProtocolHandler ["http-nio-8080"]
11-Jun-2025 16:39:00.946 INFO [main] org.apache.catalina.startup.Catalina.start Server startup in [732] milliseconds
11-Jun-2025 16:45:33.908 INFO [Thread-4] org.apache.coyote.AbstractProtocol.pause Pausing ProtocolHandler ["http-nio-8080"]
11-Jun-2025 16:45:34.700 INFO [Thread-4] org.apache.catalina.core.StandardService.stopInternal Stopping service [Catalina]
11-Jun-2025 16:45:34.714 INFO [Thread-4] org.apache.coyote.AbstractProtocol.stop Stopping ProtocolHandler ["http-nio-8080"]
11-Jun-2025 16:45:34.768 INFO [Thread-4] org.apache.coyote.AbstractProtocol.destroy Destroying ProtocolHandler ["http-nio-8080"]
11-Jun-2025 16:45:48.672 INFO [main] org.apache.catalina.startup.VersionLoggerListener.log Server version name:   Apache Tomcat/9.0.38
11-Jun-2025 16:45:48.676 INFO [main] org.apache.catalina.startup.VersionLoggerListener.log Server built:          Sep 10 2020 08:20:30 UTC
11-Jun-2025 16:45:48.676 INFO [main] org.apache.catalina.startup.VersionLoggerListener.log Server version number: 9.0.38.0
11-Jun-2025 16:45:48.676 INFO [main] org.apache.catalina.startup.VersionLoggerListener.log OS Name:               Windows 10
11-Jun-2025 16:45:48.676 INFO [main] org.apache.catalina.startup.VersionLoggerListener.log OS Version:            10.0
11-Jun-2025 16:45:48.676 INFO [main] org.apache.catalina.startup.VersionLoggerListener.log Architecture:          amd64
11-Jun-2025 16:45:48.677 INFO [main] org.apache.catalina.startup.VersionLoggerListener.log Java Home:             C:\Program Files\Java\jdk1.8.0_261\jre
11-Jun-2025 16:45:48.677 INFO [main] org.apache.catalina.startup.VersionLoggerListener.log JVM Version:           1.8.0_261-b12
11-Jun-2025 16:45:48.677 INFO [main] org.apache.catalina.startup.VersionLoggerListener.log JVM Vendor:            Oracle Corporation
11-Jun-2025 16:45:48.677 INFO [main] org.apache.catalina.startup.VersionLoggerListener.log CATALINA_BASE:         C:\Users\DELL\IdeaProjects\woman-complaint-system
11-Jun-2025 16:45:48.677 INFO [main] org.apache.catalina.startup.VersionLoggerListener.log CATALINA_HOME:         C:\Users\DELL\Desktop\Server\apache-tomcat-9.0.38
11-Jun-2025 16:45:48.680 INFO [main] org.apache.catalina.startup.VersionLoggerListener.log Command line argument: -Dcatalina.home=C:\Users\DELL\Desktop\Server\apache-tomcat-9.0.38
11-Jun-2025 16:45:48.681 INFO [main] org.apache.catalina.startup.VersionLoggerListener.log Command line argument: -Dcatalina.base=C:\Users\DELL\IdeaProjects\woman-complaint-system
11-Jun-2025 16:45:48.681 INFO [main] org.apache.catalina.startup.VersionLoggerListener.log Command line argument: -Djava.io.tmpdir=C:\Users\DELL\IdeaProjects\woman-complaint-system\temp
11-Jun-2025 16:45:48.681 INFO [main] org.apache.catalina.startup.VersionLoggerListener.log Command line argument: -Djava.util.logging.config.file=C:\Users\DELL\IdeaProjects\woman-complaint-system\conf\logging.properties
11-Jun-2025 16:45:48.681 INFO [main] org.apache.catalina.startup.VersionLoggerListener.log Command line argument: -Djava.util.logging.manager=org.apache.juli.ClassLoaderLogManager
11-Jun-2025 16:45:48.681 INFO [main] org.apache.catalina.startup.VersionLoggerListener.log Command line argument: -javaagent:C:\Program Files\JetBrains\IntelliJ IDEA Community Edition 2024.3.3\lib\idea_rt.jar=50499:C:\Program Files\JetBrains\IntelliJ IDEA Community Edition 2024.3.3\bin
11-Jun-2025 16:45:48.682 INFO [main] org.apache.catalina.startup.VersionLoggerListener.log Command line argument: -Dfile.encoding=UTF-8
11-Jun-2025 16:45:48.687 INFO [main] org.apache.catalina.core.AprLifecycleListener.lifecycleEvent Loaded Apache Tomcat Native library [1.2.25] using APR version [1.7.0].
11-Jun-2025 16:45:48.688 INFO [main] org.apache.catalina.core.AprLifecycleListener.lifecycleEvent APR capabilities: IPv6 [true], sendfile [true], accept filters [false], random [true].
11-Jun-2025 16:45:48.688 INFO [main] org.apache.catalina.core.AprLifecycleListener.lifecycleEvent APR/OpenSSL configuration: useAprConnector [false], useOpenSSL [true]
11-Jun-2025 16:45:48.697 INFO [main] org.apache.catalina.core.AprLifecycleListener.initializeSSL OpenSSL successfully initialized [OpenSSL 1.1.1g  21 Apr 2020]
11-Jun-2025 16:45:49.396 INFO [main] org.apache.coyote.AbstractProtocol.init Initializing ProtocolHandler ["http-nio-8080"]
11-Jun-2025 16:45:50.189 INFO [main] org.apache.catalina.startup.Catalina.load Server initialization in [1953] milliseconds
11-Jun-2025 16:45:50.231 INFO [main] org.apache.catalina.core.StandardService.startInternal Starting service [Catalina]
11-Jun-2025 16:45:50.231 INFO [main] org.apache.catalina.core.StandardEngine.startInternal Starting Servlet engine: [Apache Tomcat/9.0.38]
11-Jun-2025 16:45:50.246 INFO [main] org.apache.catalina.startup.HostConfig.deployDescriptor Deploying deployment descriptor [C:\Users\DELL\IdeaProjects\woman-complaint-system\conf\Catalina\localhost\complaint.xml]
11-Jun-2025 16:45:51.880 INFO [main] org.apache.jasper.servlet.TldScanner.scanJars At least one JAR was scanned for TLDs yet contained no TLDs. Enable debug logging for this logger for a complete list of JARs that were scanned but no TLDs were found in them. Skipping unneeded JARs during scanning can improve startup time and JSP compilation time.
11-Jun-2025 16:45:51.948 INFO [main] org.apache.catalina.startup.HostConfig.deployDescriptor Deployment of deployment descriptor [C:\Users\DELL\IdeaProjects\woman-complaint-system\conf\Catalina\localhost\complaint.xml] has finished in [1,701] ms
11-Jun-2025 16:45:51.952 INFO [main] org.apache.coyote.AbstractProtocol.start Starting ProtocolHandler ["http-nio-8080"]
11-Jun-2025 16:45:51.962 INFO [main] org.apache.catalina.startup.Catalina.start Server startup in [1772] milliseconds
