13-Jun-2025 08:38:54.872 SEVERE [http-nio-8080-exec-5] org.apache.catalina.core.StandardWrapperValve.invoke Servlet.service() for servlet [jsp] in context with path [/complaint] threw exception [The absolute uri: [http://java.sun.com/jsp/jstl/core] cannot be resolved in either web.xml or the jar files deployed with this application] with root cause
	org.apache.jasper.JasperException: The absolute uri: [http://java.sun.com/jsp/jstl/core] cannot be resolved in either web.xml or the jar files deployed with this application
		at org.apache.jasper.compiler.DefaultErrorHandler.jspError(DefaultErrorHandler.java:55)
		at org.apache.jasper.compiler.ErrorDispatcher.dispatch(ErrorDispatcher.java:294)
		at org.apache.jasper.compiler.ErrorDispatcher.jspError(ErrorDispatcher.java:81)
		at org.apache.jasper.compiler.TagLibraryInfoImpl.generateTldResourcePath(TagLibraryInfoImpl.java:251)
		at org.apache.jasper.compiler.TagLibraryInfoImpl.<init>(TagLibraryInfoImpl.java:122)
		at org.apache.jasper.compiler.Parser.parseTaglibDirective(Parser.java:431)
		at org.apache.jasper.compiler.Parser.parseDirective(Parser.java:489)
		at org.apache.jasper.compiler.Parser.parseElements(Parser.java:1445)
		at org.apache.jasper.compiler.Parser.parse(Parser.java:144)
		at org.apache.jasper.compiler.ParserController.doParse(ParserController.java:244)
		at org.apache.jasper.compiler.ParserController.parse(ParserController.java:105)
		at org.apache.jasper.compiler.Compiler.generateJava(Compiler.java:206)
		at org.apache.jasper.compiler.Compiler.compile(Compiler.java:386)
		at org.apache.jasper.compiler.Compiler.compile(Compiler.java:362)
		at org.apache.jasper.compiler.Compiler.compile(Compiler.java:346)
		at org.apache.jasper.JspCompilationContext.compile(JspCompilationContext.java:605)
		at org.apache.jasper.servlet.JspServletWrapper.service(JspServletWrapper.java:400)
		at org.apache.jasper.servlet.JspServlet.serviceJspFile(JspServlet.java:385)
		at org.apache.jasper.servlet.JspServlet.service(JspServlet.java:329)
		at javax.servlet.http.HttpServlet.service(HttpServlet.java:733)
		at org.apache.catalina.core.ApplicationFilterChain.internalDoFilter(ApplicationFilterChain.java:231)
		at org.apache.catalina.core.ApplicationFilterChain.doFilter(ApplicationFilterChain.java:166)
		at org.apache.tomcat.websocket.server.WsFilter.doFilter(WsFilter.java:53)
		at org.apache.catalina.core.ApplicationFilterChain.internalDoFilter(ApplicationFilterChain.java:193)
		at org.apache.catalina.core.ApplicationFilterChain.doFilter(ApplicationFilterChain.java:166)
		at org.apache.catalina.core.StandardWrapperValve.invoke(StandardWrapperValve.java:202)
		at org.apache.catalina.core.StandardContextValve.invoke(StandardContextValve.java:97)
		at org.apache.catalina.authenticator.AuthenticatorBase.invoke(AuthenticatorBase.java:541)
		at org.apache.catalina.core.StandardHostValve.invoke(StandardHostValve.java:143)
		at org.apache.catalina.valves.ErrorReportValve.invoke(ErrorReportValve.java:92)
		at org.apache.catalina.valves.AbstractAccessLogValve.invoke(AbstractAccessLogValve.java:690)
		at org.apache.catalina.core.StandardEngineValve.invoke(StandardEngineValve.java:78)
		at org.apache.catalina.connector.CoyoteAdapter.service(CoyoteAdapter.java:343)
		at org.apache.coyote.http11.Http11Processor.service(Http11Processor.java:374)
		at org.apache.coyote.AbstractProcessorLight.process(AbstractProcessorLight.java:65)
		at org.apache.coyote.AbstractProtocol$ConnectionHandler.process(AbstractProtocol.java:868)
		at org.apache.tomcat.util.net.NioEndpoint$SocketProcessor.doRun(NioEndpoint.java:1590)
		at org.apache.tomcat.util.net.SocketProcessorBase.run(SocketProcessorBase.java:49)
		at java.util.concurrent.ThreadPoolExecutor.runWorker(ThreadPoolExecutor.java:1149)
		at java.util.concurrent.ThreadPoolExecutor$Worker.run(ThreadPoolExecutor.java:624)
		at org.apache.tomcat.util.threads.TaskThread$WrappingRunnable.run(TaskThread.java:61)
		at java.lang.Thread.run(Thread.java:748)
13-Jun-2025 11:02:38.844 SEVERE [http-nio-8080-exec-10] org.apache.catalina.core.StandardWrapperValve.invoke Servlet.service() for servlet [jsp] in context with path [/complaint] threw exception [Unable to compile class for JSP: 

An error occurred at line: [15] in the generated java file: [C:\Users\DELL\IdeaProjects\woman-complaint-system\work\Catalina\localhost\complaint\org\apache\jsp\viewComplaint_jsp.java]
Only a type can be imported. com.xworkz.complaint.dto.ComplaintDto resolves to a package

An error occurred at line: [35] in the jsp file: [/viewComplaint.jsp]
ComplaintDto cannot be resolved to a type
32:         List complList = (List) request.getAttribute("complList");
33:         if (complList != null) {
34:         for (int i = 0; i < complList.size(); i++) {
35:         ComplaintDto dto = (ComplaintDto) complList.get(i);
36:         %>
37:         <tr>
38:             <td><%= dto.getName() %></td>


An error occurred at line: [35] in the jsp file: [/viewComplaint.jsp]
ComplaintDto cannot be resolved to a type
32:         List complList = (List) request.getAttribute("complList");
33:         if (complList != null) {
34:         for (int i = 0; i < complList.size(); i++) {
35:         ComplaintDto dto = (ComplaintDto) complList.get(i);
36:         %>
37:         <tr>
38:             <td><%= dto.getName() %></td>


Stacktrace:] with root cause
	org.apache.jasper.JasperException: Unable to compile class for JSP: 

An error occurred at line: [15] in the generated java file: [C:\Users\DELL\IdeaProjects\woman-complaint-system\work\Catalina\localhost\complaint\org\apache\jsp\viewComplaint_jsp.java]
Only a type can be imported. com.xworkz.complaint.dto.ComplaintDto resolves to a package

An error occurred at line: [35] in the jsp file: [/viewComplaint.jsp]
ComplaintDto cannot be resolved to a type
32:         List complList = (List) request.getAttribute("complList");
33:         if (complList != null) {
34:         for (int i = 0; i < complList.size(); i++) {
35:         ComplaintDto dto = (ComplaintDto) complList.get(i);
36:         %>
37:         <tr>
38:             <td><%= dto.getName() %></td>


An error occurred at line: [35] in the jsp file: [/viewComplaint.jsp]
ComplaintDto cannot be resolved to a type
32:         List complList = (List) request.getAttribute("complList");
33:         if (complList != null) {
34:         for (int i = 0; i < complList.size(); i++) {
35:         ComplaintDto dto = (ComplaintDto) complList.get(i);
36:         %>
37:         <tr>
38:             <td><%= dto.getName() %></td>


Stacktrace:
		at org.apache.jasper.compiler.DefaultErrorHandler.javacError(DefaultErrorHandler.java:103)
		at org.apache.jasper.compiler.ErrorDispatcher.javacError(ErrorDispatcher.java:213)
		at org.apache.jasper.compiler.JDTCompiler.generateClass(JDTCompiler.java:528)
		at org.apache.jasper.compiler.Compiler.compile(Compiler.java:392)
		at org.apache.jasper.compiler.Compiler.compile(Compiler.java:362)
		at org.apache.jasper.compiler.Compiler.compile(Compiler.java:346)
		at org.apache.jasper.JspCompilationContext.compile(JspCompilationContext.java:605)
		at org.apache.jasper.servlet.JspServletWrapper.service(JspServletWrapper.java:400)
		at org.apache.jasper.servlet.JspServlet.serviceJspFile(JspServlet.java:385)
		at org.apache.jasper.servlet.JspServlet.service(JspServlet.java:329)
		at javax.servlet.http.HttpServlet.service(HttpServlet.java:733)
		at org.apache.catalina.core.ApplicationFilterChain.internalDoFilter(ApplicationFilterChain.java:231)
		at org.apache.catalina.core.ApplicationFilterChain.doFilter(ApplicationFilterChain.java:166)
		at org.apache.tomcat.websocket.server.WsFilter.doFilter(WsFilter.java:53)
		at org.apache.catalina.core.ApplicationFilterChain.internalDoFilter(ApplicationFilterChain.java:193)
		at org.apache.catalina.core.ApplicationFilterChain.doFilter(ApplicationFilterChain.java:166)
		at org.apache.catalina.core.StandardWrapperValve.invoke(StandardWrapperValve.java:202)
		at org.apache.catalina.core.StandardContextValve.invoke(StandardContextValve.java:97)
		at org.apache.catalina.authenticator.AuthenticatorBase.invoke(AuthenticatorBase.java:541)
		at org.apache.catalina.core.StandardHostValve.invoke(StandardHostValve.java:143)
		at org.apache.catalina.valves.ErrorReportValve.invoke(ErrorReportValve.java:92)
		at org.apache.catalina.valves.AbstractAccessLogValve.invoke(AbstractAccessLogValve.java:690)
		at org.apache.catalina.core.StandardEngineValve.invoke(StandardEngineValve.java:78)
		at org.apache.catalina.connector.CoyoteAdapter.service(CoyoteAdapter.java:343)
		at org.apache.coyote.http11.Http11Processor.service(Http11Processor.java:374)
		at org.apache.coyote.AbstractProcessorLight.process(AbstractProcessorLight.java:65)
		at org.apache.coyote.AbstractProtocol$ConnectionHandler.process(AbstractProtocol.java:868)
		at org.apache.tomcat.util.net.NioEndpoint$SocketProcessor.doRun(NioEndpoint.java:1590)
		at org.apache.tomcat.util.net.SocketProcessorBase.run(SocketProcessorBase.java:49)
		at java.util.concurrent.ThreadPoolExecutor.runWorker(ThreadPoolExecutor.java:1149)
		at java.util.concurrent.ThreadPoolExecutor$Worker.run(ThreadPoolExecutor.java:624)
		at org.apache.tomcat.util.threads.TaskThread$WrappingRunnable.run(TaskThread.java:61)
		at java.lang.Thread.run(Thread.java:748)
13-Jun-2025 11:03:56.428 SEVERE [http-nio-8080-exec-8] org.apache.catalina.core.StandardWrapperValve.invoke Servlet.service() for servlet [jsp] in context with path [/complaint] threw exception [Unable to compile class for JSP: 

An error occurred at line: [15] in the generated java file: [C:\Users\DELL\IdeaProjects\woman-complaint-system\work\Catalina\localhost\complaint\org\apache\jsp\viewComplaint_jsp.java]
Only a type can be imported. com.xworkz.complaint.dto.ComplaintDto resolves to a package

An error occurred at line: [37] in the jsp file: [/viewComplaint.jsp]
ComplaintDto cannot be resolved to a type
34:         List complList = (List) request.getAttribute("complList");
35:         if (complList != null) {
36:         for (int i = 0; i < complList.size(); i++) {
37:         ComplaintDto dto = (ComplaintDto) complList.get(i);
38:         %>
39:         <tr>
40:             <td><%= dto.getName() %></td>


An error occurred at line: [37] in the jsp file: [/viewComplaint.jsp]
ComplaintDto cannot be resolved to a type
34:         List complList = (List) request.getAttribute("complList");
35:         if (complList != null) {
36:         for (int i = 0; i < complList.size(); i++) {
37:         ComplaintDto dto = (ComplaintDto) complList.get(i);
38:         %>
39:         <tr>
40:             <td><%= dto.getName() %></td>


Stacktrace:] with root cause
	org.apache.jasper.JasperException: Unable to compile class for JSP: 

An error occurred at line: [15] in the generated java file: [C:\Users\DELL\IdeaProjects\woman-complaint-system\work\Catalina\localhost\complaint\org\apache\jsp\viewComplaint_jsp.java]
Only a type can be imported. com.xworkz.complaint.dto.ComplaintDto resolves to a package

An error occurred at line: [37] in the jsp file: [/viewComplaint.jsp]
ComplaintDto cannot be resolved to a type
34:         List complList = (List) request.getAttribute("complList");
35:         if (complList != null) {
36:         for (int i = 0; i < complList.size(); i++) {
37:         ComplaintDto dto = (ComplaintDto) complList.get(i);
38:         %>
39:         <tr>
40:             <td><%= dto.getName() %></td>


An error occurred at line: [37] in the jsp file: [/viewComplaint.jsp]
ComplaintDto cannot be resolved to a type
34:         List complList = (List) request.getAttribute("complList");
35:         if (complList != null) {
36:         for (int i = 0; i < complList.size(); i++) {
37:         ComplaintDto dto = (ComplaintDto) complList.get(i);
38:         %>
39:         <tr>
40:             <td><%= dto.getName() %></td>


Stacktrace:
		at org.apache.jasper.compiler.DefaultErrorHandler.javacError(DefaultErrorHandler.java:103)
		at org.apache.jasper.compiler.ErrorDispatcher.javacError(ErrorDispatcher.java:213)
		at org.apache.jasper.compiler.JDTCompiler.generateClass(JDTCompiler.java:528)
		at org.apache.jasper.compiler.Compiler.compile(Compiler.java:392)
		at org.apache.jasper.compiler.Compiler.compile(Compiler.java:362)
		at org.apache.jasper.compiler.Compiler.compile(Compiler.java:346)
		at org.apache.jasper.JspCompilationContext.compile(JspCompilationContext.java:605)
		at org.apache.jasper.servlet.JspServletWrapper.service(JspServletWrapper.java:400)
		at org.apache.jasper.servlet.JspServlet.serviceJspFile(JspServlet.java:385)
		at org.apache.jasper.servlet.JspServlet.service(JspServlet.java:329)
		at javax.servlet.http.HttpServlet.service(HttpServlet.java:733)
		at org.apache.catalina.core.ApplicationFilterChain.internalDoFilter(ApplicationFilterChain.java:231)
		at org.apache.catalina.core.ApplicationFilterChain.doFilter(ApplicationFilterChain.java:166)
		at org.apache.tomcat.websocket.server.WsFilter.doFilter(WsFilter.java:53)
		at org.apache.catalina.core.ApplicationFilterChain.internalDoFilter(ApplicationFilterChain.java:193)
		at org.apache.catalina.core.ApplicationFilterChain.doFilter(ApplicationFilterChain.java:166)
		at org.apache.catalina.core.StandardWrapperValve.invoke(StandardWrapperValve.java:202)
		at org.apache.catalina.core.StandardContextValve.invoke(StandardContextValve.java:97)
		at org.apache.catalina.authenticator.AuthenticatorBase.invoke(AuthenticatorBase.java:541)
		at org.apache.catalina.core.StandardHostValve.invoke(StandardHostValve.java:143)
		at org.apache.catalina.valves.ErrorReportValve.invoke(ErrorReportValve.java:92)
		at org.apache.catalina.valves.AbstractAccessLogValve.invoke(AbstractAccessLogValve.java:690)
		at org.apache.catalina.core.StandardEngineValve.invoke(StandardEngineValve.java:78)
		at org.apache.catalina.connector.CoyoteAdapter.service(CoyoteAdapter.java:343)
		at org.apache.coyote.http11.Http11Processor.service(Http11Processor.java:374)
		at org.apache.coyote.AbstractProcessorLight.process(AbstractProcessorLight.java:65)
		at org.apache.coyote.AbstractProtocol$ConnectionHandler.process(AbstractProtocol.java:868)
		at org.apache.tomcat.util.net.NioEndpoint$SocketProcessor.doRun(NioEndpoint.java:1590)
		at org.apache.tomcat.util.net.SocketProcessorBase.run(SocketProcessorBase.java:49)
		at java.util.concurrent.ThreadPoolExecutor.runWorker(ThreadPoolExecutor.java:1149)
		at java.util.concurrent.ThreadPoolExecutor$Worker.run(ThreadPoolExecutor.java:624)
		at org.apache.tomcat.util.threads.TaskThread$WrappingRunnable.run(TaskThread.java:61)
		at java.lang.Thread.run(Thread.java:748)
13-Jun-2025 11:04:02.970 SEVERE [http-nio-8080-exec-6] org.apache.catalina.core.StandardWrapperValve.invoke Servlet.service() for servlet [jsp] in context with path [/complaint] threw exception [Unable to compile class for JSP: 

An error occurred at line: [15] in the generated java file: [C:\Users\DELL\IdeaProjects\woman-complaint-system\work\Catalina\localhost\complaint\org\apache\jsp\viewComplaint_jsp.java]
Only a type can be imported. com.xworkz.complaint.dto.ComplaintDto resolves to a package

An error occurred at line: [37] in the jsp file: [/viewComplaint.jsp]
ComplaintDto cannot be resolved to a type
34:         List complList = (List) request.getAttribute("complList");
35:         if (complList != null) {
36:         for (int i = 0; i < complList.size(); i++) {
37:         ComplaintDto dto = (ComplaintDto) complList.get(i);
38:         %>
39:         <tr>
40:             <td><%= dto.getName() %></td>


An error occurred at line: [37] in the jsp file: [/viewComplaint.jsp]
ComplaintDto cannot be resolved to a type
34:         List complList = (List) request.getAttribute("complList");
35:         if (complList != null) {
36:         for (int i = 0; i < complList.size(); i++) {
37:         ComplaintDto dto = (ComplaintDto) complList.get(i);
38:         %>
39:         <tr>
40:             <td><%= dto.getName() %></td>


Stacktrace:] with root cause
	org.apache.jasper.JasperException: Unable to compile class for JSP: 

An error occurred at line: [15] in the generated java file: [C:\Users\DELL\IdeaProjects\woman-complaint-system\work\Catalina\localhost\complaint\org\apache\jsp\viewComplaint_jsp.java]
Only a type can be imported. com.xworkz.complaint.dto.ComplaintDto resolves to a package

An error occurred at line: [37] in the jsp file: [/viewComplaint.jsp]
ComplaintDto cannot be resolved to a type
34:         List complList = (List) request.getAttribute("complList");
35:         if (complList != null) {
36:         for (int i = 0; i < complList.size(); i++) {
37:         ComplaintDto dto = (ComplaintDto) complList.get(i);
38:         %>
39:         <tr>
40:             <td><%= dto.getName() %></td>


An error occurred at line: [37] in the jsp file: [/viewComplaint.jsp]
ComplaintDto cannot be resolved to a type
34:         List complList = (List) request.getAttribute("complList");
35:         if (complList != null) {
36:         for (int i = 0; i < complList.size(); i++) {
37:         ComplaintDto dto = (ComplaintDto) complList.get(i);
38:         %>
39:         <tr>
40:             <td><%= dto.getName() %></td>


Stacktrace:
		at org.apache.jasper.compiler.DefaultErrorHandler.javacError(DefaultErrorHandler.java:103)
		at org.apache.jasper.compiler.ErrorDispatcher.javacError(ErrorDispatcher.java:213)
		at org.apache.jasper.compiler.JDTCompiler.generateClass(JDTCompiler.java:528)
		at org.apache.jasper.compiler.Compiler.compile(Compiler.java:392)
		at org.apache.jasper.compiler.Compiler.compile(Compiler.java:362)
		at org.apache.jasper.compiler.Compiler.compile(Compiler.java:346)
		at org.apache.jasper.JspCompilationContext.compile(JspCompilationContext.java:605)
		at org.apache.jasper.servlet.JspServletWrapper.service(JspServletWrapper.java:400)
		at org.apache.jasper.servlet.JspServlet.serviceJspFile(JspServlet.java:385)
		at org.apache.jasper.servlet.JspServlet.service(JspServlet.java:329)
		at javax.servlet.http.HttpServlet.service(HttpServlet.java:733)
		at org.apache.catalina.core.ApplicationFilterChain.internalDoFilter(ApplicationFilterChain.java:231)
		at org.apache.catalina.core.ApplicationFilterChain.doFilter(ApplicationFilterChain.java:166)
		at org.apache.tomcat.websocket.server.WsFilter.doFilter(WsFilter.java:53)
		at org.apache.catalina.core.ApplicationFilterChain.internalDoFilter(ApplicationFilterChain.java:193)
		at org.apache.catalina.core.ApplicationFilterChain.doFilter(ApplicationFilterChain.java:166)
		at org.apache.catalina.core.StandardWrapperValve.invoke(StandardWrapperValve.java:202)
		at org.apache.catalina.core.StandardContextValve.invoke(StandardContextValve.java:97)
		at org.apache.catalina.authenticator.AuthenticatorBase.invoke(AuthenticatorBase.java:541)
		at org.apache.catalina.core.StandardHostValve.invoke(StandardHostValve.java:143)
		at org.apache.catalina.valves.ErrorReportValve.invoke(ErrorReportValve.java:92)
		at org.apache.catalina.valves.AbstractAccessLogValve.invoke(AbstractAccessLogValve.java:690)
		at org.apache.catalina.core.StandardEngineValve.invoke(StandardEngineValve.java:78)
		at org.apache.catalina.connector.CoyoteAdapter.service(CoyoteAdapter.java:343)
		at org.apache.coyote.http11.Http11Processor.service(Http11Processor.java:374)
		at org.apache.coyote.AbstractProcessorLight.process(AbstractProcessorLight.java:65)
		at org.apache.coyote.AbstractProtocol$ConnectionHandler.process(AbstractProtocol.java:868)
		at org.apache.tomcat.util.net.NioEndpoint$SocketProcessor.doRun(NioEndpoint.java:1590)
		at org.apache.tomcat.util.net.SocketProcessorBase.run(SocketProcessorBase.java:49)
		at java.util.concurrent.ThreadPoolExecutor.runWorker(ThreadPoolExecutor.java:1149)
		at java.util.concurrent.ThreadPoolExecutor$Worker.run(ThreadPoolExecutor.java:624)
		at org.apache.tomcat.util.threads.TaskThread$WrappingRunnable.run(TaskThread.java:61)
		at java.lang.Thread.run(Thread.java:748)
13-Jun-2025 11:06:32.935 SEVERE [http-nio-8080-exec-10] org.apache.catalina.core.StandardWrapperValve.invoke Servlet.service() for servlet [jsp] in context with path [/complaint] threw exception [Unable to compile class for JSP: 

An error occurred at line: [15] in the generated java file: [C:\Users\DELL\IdeaProjects\woman-complaint-system\work\Catalina\localhost\complaint\org\apache\jsp\viewComplaint_jsp.java]
Only a type can be imported. com.xworkz.complaint.dto.ComplaintDto resolves to a package

An error occurred at line: [37] in the jsp file: [/viewComplaint.jsp]
ComplaintDto cannot be resolved to a type
34:         List complList = (List) request.getAttribute("complList");
35:         if (complList != null) {
36:         for (int i = 0; i < complList.size(); i++) {
37:         ComplaintDto dto = (ComplaintDto) complList.get(i);
38:         %>
39:         <tr>
40:             <td><%= dto.getName() %></td>


An error occurred at line: [37] in the jsp file: [/viewComplaint.jsp]
ComplaintDto cannot be resolved to a type
34:         List complList = (List) request.getAttribute("complList");
35:         if (complList != null) {
36:         for (int i = 0; i < complList.size(); i++) {
37:         ComplaintDto dto = (ComplaintDto) complList.get(i);
38:         %>
39:         <tr>
40:             <td><%= dto.getName() %></td>


Stacktrace:] with root cause
	org.apache.jasper.JasperException: Unable to compile class for JSP: 

An error occurred at line: [15] in the generated java file: [C:\Users\DELL\IdeaProjects\woman-complaint-system\work\Catalina\localhost\complaint\org\apache\jsp\viewComplaint_jsp.java]
Only a type can be imported. com.xworkz.complaint.dto.ComplaintDto resolves to a package

An error occurred at line: [37] in the jsp file: [/viewComplaint.jsp]
ComplaintDto cannot be resolved to a type
34:         List complList = (List) request.getAttribute("complList");
35:         if (complList != null) {
36:         for (int i = 0; i < complList.size(); i++) {
37:         ComplaintDto dto = (ComplaintDto) complList.get(i);
38:         %>
39:         <tr>
40:             <td><%= dto.getName() %></td>


An error occurred at line: [37] in the jsp file: [/viewComplaint.jsp]
ComplaintDto cannot be resolved to a type
34:         List complList = (List) request.getAttribute("complList");
35:         if (complList != null) {
36:         for (int i = 0; i < complList.size(); i++) {
37:         ComplaintDto dto = (ComplaintDto) complList.get(i);
38:         %>
39:         <tr>
40:             <td><%= dto.getName() %></td>


Stacktrace:
		at org.apache.jasper.compiler.DefaultErrorHandler.javacError(DefaultErrorHandler.java:103)
		at org.apache.jasper.compiler.ErrorDispatcher.javacError(ErrorDispatcher.java:213)
		at org.apache.jasper.compiler.JDTCompiler.generateClass(JDTCompiler.java:528)
		at org.apache.jasper.compiler.Compiler.compile(Compiler.java:392)
		at org.apache.jasper.compiler.Compiler.compile(Compiler.java:362)
		at org.apache.jasper.compiler.Compiler.compile(Compiler.java:346)
		at org.apache.jasper.JspCompilationContext.compile(JspCompilationContext.java:605)
		at org.apache.jasper.servlet.JspServletWrapper.service(JspServletWrapper.java:400)
		at org.apache.jasper.servlet.JspServlet.serviceJspFile(JspServlet.java:385)
		at org.apache.jasper.servlet.JspServlet.service(JspServlet.java:329)
		at javax.servlet.http.HttpServlet.service(HttpServlet.java:733)
		at org.apache.catalina.core.ApplicationFilterChain.internalDoFilter(ApplicationFilterChain.java:231)
		at org.apache.catalina.core.ApplicationFilterChain.doFilter(ApplicationFilterChain.java:166)
		at org.apache.tomcat.websocket.server.WsFilter.doFilter(WsFilter.java:53)
		at org.apache.catalina.core.ApplicationFilterChain.internalDoFilter(ApplicationFilterChain.java:193)
		at org.apache.catalina.core.ApplicationFilterChain.doFilter(ApplicationFilterChain.java:166)
		at org.apache.catalina.core.StandardWrapperValve.invoke(StandardWrapperValve.java:202)
		at org.apache.catalina.core.StandardContextValve.invoke(StandardContextValve.java:97)
		at org.apache.catalina.authenticator.AuthenticatorBase.invoke(AuthenticatorBase.java:541)
		at org.apache.catalina.core.StandardHostValve.invoke(StandardHostValve.java:143)
		at org.apache.catalina.valves.ErrorReportValve.invoke(ErrorReportValve.java:92)
		at org.apache.catalina.valves.AbstractAccessLogValve.invoke(AbstractAccessLogValve.java:690)
		at org.apache.catalina.core.StandardEngineValve.invoke(StandardEngineValve.java:78)
		at org.apache.catalina.connector.CoyoteAdapter.service(CoyoteAdapter.java:343)
		at org.apache.coyote.http11.Http11Processor.service(Http11Processor.java:374)
		at org.apache.coyote.AbstractProcessorLight.process(AbstractProcessorLight.java:65)
		at org.apache.coyote.AbstractProtocol$ConnectionHandler.process(AbstractProtocol.java:868)
		at org.apache.tomcat.util.net.NioEndpoint$SocketProcessor.doRun(NioEndpoint.java:1590)
		at org.apache.tomcat.util.net.SocketProcessorBase.run(SocketProcessorBase.java:49)
		at java.util.concurrent.ThreadPoolExecutor.runWorker(ThreadPoolExecutor.java:1149)
		at java.util.concurrent.ThreadPoolExecutor$Worker.run(ThreadPoolExecutor.java:624)
		at org.apache.tomcat.util.threads.TaskThread$WrappingRunnable.run(TaskThread.java:61)
		at java.lang.Thread.run(Thread.java:748)
