12-Jun-2025 23:20:10.821 SEVERE [http-nio-8080-exec-9] org.apache.catalina.core.StandardWrapperValve.invoke Servlet.service() for servlet [jsp] in context with path [/complaint] threw exception [Unable to compile class for JSP: 

An error occurred at line: [32] in the jsp file: [/viewComplaint.jsp]
ComplaintDtos cannot be resolved to a type
29:         <tbody>
30: 
31:         <%
32:         ComplaintDtos complaintDto = (ComplaintDtos) request.getAttribute("complaintDto");
33:         if (complaintDto != null) {
34:         %>
35:         <tr>


An error occurred at line: [32] in the jsp file: [/viewComplaint.jsp]
ComplaintDtos cannot be resolved to a type
29:         <tbody>
30: 
31:         <%
32:         ComplaintDtos complaintDto = (ComplaintDtos) request.getAttribute("complaintDto");
33:         if (complaintDto != null) {
34:         %>
35:         <tr>


An error occurred at line: [36] in the jsp file: [/viewComplaint.jsp]
complaintDtos cannot be resolved
33:         if (complaintDto != null) {
34:         %>
35:         <tr>
36:             <td><%= complaintDtos.getName() %></td>
37:             <td><%= complaintDtos.getPhoneNo() %></td>
38:             <td><%= complaintDtos.getIssue() %></td>
39:             <td><%= complaintDtos.getIssueType() %></td>


An error occurred at line: [37] in the jsp file: [/viewComplaint.jsp]
complaintDtos cannot be resolved
34:         %>
35:         <tr>
36:             <td><%= complaintDtos.getName() %></td>
37:             <td><%= complaintDtos.getPhoneNo() %></td>
38:             <td><%= complaintDtos.getIssue() %></td>
39:             <td><%= complaintDtos.getIssueType() %></td>
40:             <td><%= complaintDtos.getDateTime() %></td>


An error occurred at line: [38] in the jsp file: [/viewComplaint.jsp]
complaintDtos cannot be resolved
35:         <tr>
36:             <td><%= complaintDtos.getName() %></td>
37:             <td><%= complaintDtos.getPhoneNo() %></td>
38:             <td><%= complaintDtos.getIssue() %></td>
39:             <td><%= complaintDtos.getIssueType() %></td>
40:             <td><%= complaintDtos.getDateTime() %></td>
41:             <td><%= complaintDtos.getLocation() %></td>


An error occurred at line: [39] in the jsp file: [/viewComplaint.jsp]
complaintDtos cannot be resolved
36:             <td><%= complaintDtos.getName() %></td>
37:             <td><%= complaintDtos.getPhoneNo() %></td>
38:             <td><%= complaintDtos.getIssue() %></td>
39:             <td><%= complaintDtos.getIssueType() %></td>
40:             <td><%= complaintDtos.getDateTime() %></td>
41:             <td><%= complaintDtos.getLocation() %></td>
42:         </tr>


An error occurred at line: [40] in the jsp file: [/viewComplaint.jsp]
complaintDtos cannot be resolved
37:             <td><%= complaintDtos.getPhoneNo() %></td>
38:             <td><%= complaintDtos.getIssue() %></td>
39:             <td><%= complaintDtos.getIssueType() %></td>
40:             <td><%= complaintDtos.getDateTime() %></td>
41:             <td><%= complaintDtos.getLocation() %></td>
42:         </tr>
43:         <%


An error occurred at line: [41] in the jsp file: [/viewComplaint.jsp]
complaintDtos cannot be resolved
38:             <td><%= complaintDtos.getIssue() %></td>
39:             <td><%= complaintDtos.getIssueType() %></td>
40:             <td><%= complaintDtos.getDateTime() %></td>
41:             <td><%= complaintDtos.getLocation() %></td>
42:         </tr>
43:         <%
44:         } else {


Stacktrace:] with root cause
	org.apache.jasper.JasperException: Unable to compile class for JSP: 

An error occurred at line: [32] in the jsp file: [/viewComplaint.jsp]
ComplaintDtos cannot be resolved to a type
29:         <tbody>
30: 
31:         <%
32:         ComplaintDtos complaintDto = (ComplaintDtos) request.getAttribute("complaintDto");
33:         if (complaintDto != null) {
34:         %>
35:         <tr>


An error occurred at line: [32] in the jsp file: [/viewComplaint.jsp]
ComplaintDtos cannot be resolved to a type
29:         <tbody>
30: 
31:         <%
32:         ComplaintDtos complaintDto = (ComplaintDtos) request.getAttribute("complaintDto");
33:         if (complaintDto != null) {
34:         %>
35:         <tr>


An error occurred at line: [36] in the jsp file: [/viewComplaint.jsp]
complaintDtos cannot be resolved
33:         if (complaintDto != null) {
34:         %>
35:         <tr>
36:             <td><%= complaintDtos.getName() %></td>
37:             <td><%= complaintDtos.getPhoneNo() %></td>
38:             <td><%= complaintDtos.getIssue() %></td>
39:             <td><%= complaintDtos.getIssueType() %></td>


An error occurred at line: [37] in the jsp file: [/viewComplaint.jsp]
complaintDtos cannot be resolved
34:         %>
35:         <tr>
36:             <td><%= complaintDtos.getName() %></td>
37:             <td><%= complaintDtos.getPhoneNo() %></td>
38:             <td><%= complaintDtos.getIssue() %></td>
39:             <td><%= complaintDtos.getIssueType() %></td>
40:             <td><%= complaintDtos.getDateTime() %></td>


An error occurred at line: [38] in the jsp file: [/viewComplaint.jsp]
complaintDtos cannot be resolved
35:         <tr>
36:             <td><%= complaintDtos.getName() %></td>
37:             <td><%= complaintDtos.getPhoneNo() %></td>
38:             <td><%= complaintDtos.getIssue() %></td>
39:             <td><%= complaintDtos.getIssueType() %></td>
40:             <td><%= complaintDtos.getDateTime() %></td>
41:             <td><%= complaintDtos.getLocation() %></td>


An error occurred at line: [39] in the jsp file: [/viewComplaint.jsp]
complaintDtos cannot be resolved
36:             <td><%= complaintDtos.getName() %></td>
37:             <td><%= complaintDtos.getPhoneNo() %></td>
38:             <td><%= complaintDtos.getIssue() %></td>
39:             <td><%= complaintDtos.getIssueType() %></td>
40:             <td><%= complaintDtos.getDateTime() %></td>
41:             <td><%= complaintDtos.getLocation() %></td>
42:         </tr>


An error occurred at line: [40] in the jsp file: [/viewComplaint.jsp]
complaintDtos cannot be resolved
37:             <td><%= complaintDtos.getPhoneNo() %></td>
38:             <td><%= complaintDtos.getIssue() %></td>
39:             <td><%= complaintDtos.getIssueType() %></td>
40:             <td><%= complaintDtos.getDateTime() %></td>
41:             <td><%= complaintDtos.getLocation() %></td>
42:         </tr>
43:         <%


An error occurred at line: [41] in the jsp file: [/viewComplaint.jsp]
complaintDtos cannot be resolved
38:             <td><%= complaintDtos.getIssue() %></td>
39:             <td><%= complaintDtos.getIssueType() %></td>
40:             <td><%= complaintDtos.getDateTime() %></td>
41:             <td><%= complaintDtos.getLocation() %></td>
42:         </tr>
43:         <%
44:         } else {


Stacktrace:
		at org.apache.jasper.compiler.DefaultErrorHandler.javacError(DefaultErrorHandler.java:103)
		at org.apache.jasper.compiler.ErrorDispatcher.javacError(ErrorDispatcher.java:213)
		at org.apache.jasper.compiler.JDTCompiler.generateClass(JDTCompiler.java:528)
		at org.apache.jasper.compiler.Compiler.compile(Compiler.java:392)
		at org.apache.jasper.compiler.Compiler.compile(Compiler.java:362)
		at org.apache.jasper.compiler.Compiler.compile(Compiler.java:346)
		at org.apache.jasper.JspCompilationContext.compile(JspCompilationContext.java:605)
		at org.apache.jasper.servlet.JspServletWrapper.service(JspServletWrapper.java:400)
		at org.apache.jasper.servlet.JspServlet.serviceJspFile(JspServlet.java:385)
		at org.apache.jasper.servlet.JspServlet.service(JspServlet.java:329)
		at javax.servlet.http.HttpServlet.service(HttpServlet.java:733)
		at org.apache.catalina.core.ApplicationFilterChain.internalDoFilter(ApplicationFilterChain.java:231)
		at org.apache.catalina.core.ApplicationFilterChain.doFilter(ApplicationFilterChain.java:166)
		at org.apache.tomcat.websocket.server.WsFilter.doFilter(WsFilter.java:53)
		at org.apache.catalina.core.ApplicationFilterChain.internalDoFilter(ApplicationFilterChain.java:193)
		at org.apache.catalina.core.ApplicationFilterChain.doFilter(ApplicationFilterChain.java:166)
		at org.apache.catalina.core.StandardWrapperValve.invoke(StandardWrapperValve.java:202)
		at org.apache.catalina.core.StandardContextValve.invoke(StandardContextValve.java:97)
		at org.apache.catalina.authenticator.AuthenticatorBase.invoke(AuthenticatorBase.java:541)
		at org.apache.catalina.core.StandardHostValve.invoke(StandardHostValve.java:143)
		at org.apache.catalina.valves.ErrorReportValve.invoke(ErrorReportValve.java:92)
		at org.apache.catalina.valves.AbstractAccessLogValve.invoke(AbstractAccessLogValve.java:690)
		at org.apache.catalina.core.StandardEngineValve.invoke(StandardEngineValve.java:78)
		at org.apache.catalina.connector.CoyoteAdapter.service(CoyoteAdapter.java:343)
		at org.apache.coyote.http11.Http11Processor.service(Http11Processor.java:374)
		at org.apache.coyote.AbstractProcessorLight.process(AbstractProcessorLight.java:65)
		at org.apache.coyote.AbstractProtocol$ConnectionHandler.process(AbstractProtocol.java:868)
		at org.apache.tomcat.util.net.NioEndpoint$SocketProcessor.doRun(NioEndpoint.java:1590)
		at org.apache.tomcat.util.net.SocketProcessorBase.run(SocketProcessorBase.java:49)
		at java.util.concurrent.ThreadPoolExecutor.runWorker(ThreadPoolExecutor.java:1149)
		at java.util.concurrent.ThreadPoolExecutor$Worker.run(ThreadPoolExecutor.java:624)
		at org.apache.tomcat.util.threads.TaskThread$WrappingRunnable.run(TaskThread.java:61)
		at java.lang.Thread.run(Thread.java:748)
